0 
0 
0 
1 2651 
0 
9 6528 6529 6530 6531 6533 6544 6545 6549 6551 
6 2971 2972 2973 2974 2975 2976 
0 
10 2944 2945 2946 2947 2948 2949 2950 2951 2952 2953 
3 1841 1842 1843 
1 33 
0 
4 3444 3445 3446 3447 
0 
0 
0 
3 3912 5722 5725 
0 
0 
0 
2 1450 1451 
0 
5 3944 3945 3946 3947 3948 
2 3478 3479 
3 6504 6505 6506 
0 
4 27 1218 1219 1220 
0 
5 6270 6271 6272 6273 6274 
1 4274 
2 6288 6289 
0 
0 
8 2671 2672 2673 2674 2675 2676 2677 2678 
0 
3 36 37 38 
0 
7 485 486 487 488 489 490 491 
5 6270 6271 6272 6273 6274 
0 
0 
1 4274 
5 6270 6271 6272 6273 6274 
0 
1 4408 
6 1855 1856 1857 1858 1859 1860 
0 
5 6270 6271 6272 6273 6274 
0 
0 
10 3768 3769 3772 3773 3774 3775 3776 3777 3778 3779 
0 
0 
0 
2 1543 1544 
0 
4 1736 1737 1738 1739 
2 5425 5426 
0 
0 
3 67 68 780 
1 98 
19 2614 3238 3239 3240 3242 3243 3244 3246 3247 3248 3249 3250 3251 3252 3253 3254 3255 3256 3257 
0 
0 
0 
0 
4 1361 1362 1363 1365 
0 
3 1593 1596 1597 
8 6092 6093 6094 6095 6096 6097 6099 6100 
0 
12 2559 2560 2561 2562 2563 2564 2565 2566 2567 2568 2569 2570 
0 
0 
1 3573 
12 700 701 702 703 704 705 706 707 709 710 712 713 
8 2671 2672 2673 2674 2675 2676 2677 2678 
0 
0 
0 
0 
0 
0 
0 
0 
0 
0 
1 97 
0 
1 3402 
0 
5 3224 3225 3226 3227 3228 
0 
1 4274 
8 6092 6093 6094 6095 6096 6097 6099 6100 
11 1197 1198 1199 1200 1201 1203 1204 1205 1206 4781 4782 
0 
0 
0 
0 
0 
0 
34 2771 2772 2773 2774 2775 2776 2777 2778 2779 2780 2781 2782 2783 2784 2785 2786 2787 2788 2789 2790 2791 2792 2793 2794 2795 2797 2798 2802 2803 2805 2806 2807 2808 2809 
0 
0 
0 
8 2671 2672 2673 2674 2675 2676 2677 2678 
2 3851 3852 
0 
0 
0 
0 
0 
0 
0 
10 2944 2945 2946 2947 2948 2949 2950 2951 2952 2953 
0 
0 
0 
12 2559 2560 2561 2562 2563 2564 2565 2566 2567 2568 2569 2570 
0 
0 
0 
11 4329 4330 4331 4332 4333 4334 4335 4336 4337 4338 4339 
0 
0 
1 4948 
3 4305 4306 4307 
11 2855 2856 2857 2858 2859 2860 2861 2862 2867 5868 5869 
0 
0 
1 3319 
0 
1 135 
0 
0 
3 1869 1870 1873 
2 122 123 
3 6504 6505 6506 
2 6522 6523 
0 
2 2004 2005 
0 
1 1447 
18 3238 3239 3240 3242 3243 3244 3246 3247 3248 3249 3250 3251 3252 3253 3254 3255 3256 3257 
0 
5 2025 2026 2028 2029 2030 
6 6010 6011 6012 6013 6511 6512 
0 
0 
2 2527 2528 
0 
1 154 
0 
22 3355 3356 3357 3358 3359 3360 3361 3362 3363 3364 3365 3366 3367 3368 3369 3370 3371 3372 3373 3374 3375 3376 
0 
0 
0 
1 561 
0 
5 3224 3225 3226 3227 3228 
1 1448 
0 
0 
17 5987 5988 5989 5990 5991 5992 5993 6466 6467 6468 6470 6471 6472 6473 6474 6475 6476 
0 
1 1818 
0 
0 
0 
0 
2 510 511 
17 1923 1924 5021 5022 5027 5028 5029 5030 5031 5032 5033 5034 5035 5036 5037 5038 5039 
1 100 
1 2885 
0 
0 
5 35 36 37 38 39 
6 1517 1518 1519 1520 1521 1522 
3 2584 2585 2616 
0 
1 3722 
8 1271 1272 1273 1274 1275 1276 4802 4803 
1 3577 
3 3403 3404 3405 
5 4140 4141 4142 4143 4144 
1 3593 
0 
1 2519 
1 1530 
3 3058 3059 3060 
0 
0 
1 1884 
4 196 2043 2044 2045 
2 30 31 
0 
1 1385 
2 200 2394 
2 1021 1022 
2 2738 2739 
5 2912 2931 2941 2942 2963 
5 3293 3294 3295 3296 3297 
5 2912 2931 2941 2942 2963 
0 
0 
0 
0 
10 2944 2945 2946 2947 2948 2949 2950 2951 2952 2953 
0 
0 
10 2944 2945 2946 2947 2948 2949 2950 2951 2952 2953 
0 
10 2944 2945 2946 2947 2948 2949 2950 2951 2952 2953 
1 5627 
6 1855 1856 1857 1858 1859 1860 
0 
5 3224 3225 3226 3227 3228 
1 1578 
0 
0 
11 1197 1198 1199 1200 1201 1203 1204 1205 1206 4781 4782 
0 
0 
34 2771 2772 2773 2774 2775 2776 2777 2778 2779 2780 2781 2782 2783 2784 2785 2786 2787 2788 2789 2790 2791 2792 2793 2794 2795 2797 2798 2802 2803 2805 2806 2807 2808 2809 
2 2738 2739 
0 
4 1361 1362 1363 1365 
0 
0 
0 
1 2166 
0 
0 
0 
6 6010 6011 6012 6013 6511 6512 
1 1023 
2 3047 5416 
0 
2 551 552 
3 862 863 864 
5 1414 1416 1418 1419 1420 
0 
0 
0 
1 1908 
2 1949 1954 
3 2033 2037 2038 
2 6517 6518 
5 2912 2931 2941 2942 2963 
0 
2 253 254 
0 
0 
0 
4 257 258 259 3510 
2 30 31 
0 
1 903 
0 
0 
3 3613 3614 3615 
1 4170 
0 
0 
2 6369 6370 
5 4140 4141 4142 4143 4144 
0 
5 6353 6355 6356 6357 6360 
1 1055 
5 1414 1416 1418 1419 1420 
0 
0 
0 
8 6092 6093 6094 6095 6096 6097 6099 6100 
0 
0 
0 
0 
0 
0 
3 1769 1770 1771 
0 
2 2598 5205 
4 1121 1122 4747 4748 
0 
0 
0 
1 3710 
0 
6 4410 4411 4412 4417 4418 4419 
11 6055 6056 6057 6058 6059 6060 6061 6062 6063 6064 6065 
0 
5 3449 3450 3451 3452 3453 
0 
1 297 
2 6385 6386 
0 
5 3449 3450 3451 3452 3453 
0 
9 3102 3103 3104 3105 3106 3107 3108 3109 3110 
0 
0 
0 
3 6504 6505 6506 
0 
30 190 191 192 193 195 196 197 198 199 200 201 202 203 204 205 206 207 208 209 210 211 212 213 214 215 216 217 218 219 1697 
1 1329 
2 1818 2587 
15 3340 3341 3342 3354 3378 3379 3380 3387 3388 3389 3390 3391 3392 3393 3394 
0 
0 
35 2771 2772 2773 2774 2775 2776 2777 2778 2779 2780 2781 2782 2783 2784 2785 2786 2787 2788 2789 2790 2791 2792 2793 2794 2795 2797 2798 2802 2803 2805 2806 2807 2808 2809 3326 
5 1558 1559 1560 1561 1562 
0 
0 
6 472 473 474 475 481 482 
3 1563 1564 1565 
3 2033 2037 2038 
0 
0 
0 
0 
7 1566 1567 1568 1569 1570 1571 1572 
0 
0 
0 
0 
0 
0 
2 332 4274 
1 6359 
0 
0 
0 
14 2176 2177 2178 2179 2180 2181 2182 2183 2184 2185 2186 2187 2188 2189 
1 6187 
9 2855 2856 2857 2858 2859 2860 2861 2862 2867 
17 2536 2537 2538 2542 2543 2544 2545 2546 2547 2548 2549 2550 2551 5192 5193 5194 5195 
0 
0 
0 
3 1218 1219 1220 
0 
0 
1 43 
2 1121 1122 
4 3444 3445 3446 3447 
3 3544 3545 3546 
0 
9 2855 2856 2857 2858 2859 2860 2861 2862 2867 
3 6504 6505 6506 
9 6528 6529 6530 6531 6533 6544 6545 6549 6551 
0 
0 
8 2671 2672 2673 2674 2675 2676 2677 2678 
0 
1 4304 
1 6479 
34 2771 2772 2773 2774 2775 2776 2777 2778 2779 2780 2781 2782 2783 2784 2785 2786 2787 2788 2789 2790 2791 2792 2793 2794 2795 2797 2798 2802 2803 2805 2806 2807 2808 2809 
0 
3 2085 2086 2087 
1 6528 
1 2287 
2 6553 6554 
0 
13 719 720 721 722 723 724 725 726 728 729 730 731 732 
0 
9 3102 3103 3104 3105 3106 3107 3108 3109 3110 
2 6511 6512 
1 97 
0 
3 3304 3309 3310 
3 9 10 11 
19 1250 1251 1252 1253 1254 1255 1256 1257 1258 1259 1260 1261 1262 1263 1264 1265 1266 1267 1268 
0 
2 1448 4848 
0 
3 1215 1216 1217 
0 
0 
0 
1 2806 
1 2571 
2 2004 2005 
0 
0 
6 6010 6011 6012 6013 6511 6512 
12 2368 2369 2370 2371 2372 2373 2374 2375 2376 2377 2380 2390 
5 1414 1416 1418 1419 1420 
10 3768 3769 3772 3773 3774 3775 3776 3777 3778 3779 
5 1188 1189 1190 1191 1192 
1 1202 
2 459 460 
2 579 580 
3 1218 1219 1220 
0 
0 
0 
0 
1 1100 
3 322 323 324 
0 
0 
0 
2 1866 1867 
11 1197 1198 1199 1200 1201 1203 1204 1205 1206 4781 4782 
2 1701 1703 
0 
1 3525 
0 
2 6491 6492 
2 1447 4847 
8 2671 2672 2673 2674 2675 2676 2677 2678 
4 1027 1769 1770 1771 
1 6548 
0 
0 
0 
4 1554 1555 1556 1557 
1 4375 
3 9 10 11 
3 2724 2725 2726 
10 761 762 763 764 765 766 767 768 769 770 
1 6284 
0 
0 
0 
0 
0 
0 
0 
4 2033 2037 2038 5068 
5 2525 2526 2532 2533 6115 
10 1033 1034 1035 1036 1037 1038 1039 1040 1041 1042 
0 
3 1487 1488 1489 
5 1047 1048 1049 1050 1051 
9 2750 2751 2752 2753 2754 5307 5308 5309 5310 
0 
0 
0 
2 3478 3479 
1 1029 
0 
1 393 
1 3823 
0 
0 
6 3172 3173 3174 3175 3176 3177 
5 2912 2931 2941 2942 2963 
0 
0 
3 2033 2037 2038 
5 3224 3225 3226 3227 3228 
0 
0 
0 
3 6125 6126 6127 
4 2525 2526 2532 2533 
0 
0 
0 
2 3047 5416 
1 3710 
2 6369 6370 
0 
8 2671 2672 2673 2674 2675 2676 2677 2678 
0 
12 1033 1034 1035 1036 1037 1038 1039 1040 1041 1042 4708 4709 
0 
0 
1 780 
0 
0 
0 
1 568 
0 
0 
7 3417 3419 3420 3421 3422 3423 3427 
1 2646 
1 1584 
3 3058 3059 3060 
2 3454 3455 
3 4185 4186 4187 
0 
4 3901 3902 3903 3904 
3 543 544 4537 
2 490 491 
0 
0 
0 
8 494 781 782 783 784 785 786 787 
0 
2 1089 1090 
3 3795 3796 3797 
0 
6 1855 1856 1857 1858 1859 1860 
0 
0 
1 3047 
0 
4 3872 3873 3874 3875 
0 
0 
0 
0 
5 1652 1653 1654 1655 1656 
3 2584 2585 2616 
0 
2 5053 5055 
19 1223 1224 1225 1226 1227 1228 1229 1232 1233 1234 1235 1236 1237 1238 1239 1240 1241 1242 1243 
0 
0 
0 
0 
0 
1 2287 
6 1855 1856 1857 1858 1859 1860 
0 
0 
0 
0 
1 525 
2 30 31 
2 527 528 
2 30 31 
0 
0 
0 
1 1707 
3 3493 3494 3495 
0 
4 3781 3782 3783 3784 
0 
3 619 4198 5802 
4 1156 1157 1159 1160 
2 1450 1451 
1 3527 
0 
0 
0 
0 
2 3454 3455 
1 4274 
9 1313 1314 1315 4813 4814 4815 4816 4817 4824 
0 
6 1855 1856 1857 1858 1859 1860 
2 3478 3479 
0 
4 4540 4541 4543 4544 
0 
0 
5 2520 2521 2522 2523 2524 
4 4094 4095 4096 4099 
0 
4 1110 1111 1112 1113 
0 
0 
0 
0 
0 
6 124 125 126 127 128 129 
1 3243 
0 
3 4305 4306 4307 
1 3658 
4 1496 4864 4867 4868 
0 
1 2166 
2 2218 2220 
0 
1 2473 
1 5644 
0 
0 
0 
0 
0 
3 3765 5675 5676 
1 3527 
0 
0 
1 5112 
0 
0 
0 
3 1769 1770 1771 
1 4006 
0 
10 2944 2945 2946 2947 2948 2949 2950 2951 2952 2953 
12 587 588 589 590 591 593 594 595 4557 4558 4559 4560 
8 485 486 487 488 489 490 491 3301 
0 
0 
2 6369 6370 
0 
4 599 2724 2725 2726 
0 
1 6121 
19 1223 1224 1225 1226 1227 1228 1229 1232 1233 1234 1235 1236 1237 1238 1239 1240 1241 1242 1243 
0 
3 3949 3950 3951 
3 4267 4268 4269 
3 606 607 1114 
0 
0 
0 
0 
0 
0 
1 3686 
0 
0 
0 
1 5572 
0 
3 3912 5722 5725 
2 4198 5802 
1 6289 
4 543 544 3389 4537 
9 2855 2856 2857 2858 2859 2860 2861 2862 2867 
34 2771 2772 2773 2774 2775 2776 2777 2778 2779 2780 2781 2782 2783 2784 2785 2786 2787 2788 2789 2790 2791 2792 2793 2794 2795 2797 2798 2802 2803 2805 2806 2807 2808 2809 
1 625 
0 
0 
0 
2 1172 1173 
0 
1 2665 
0 
0 
2 4052 4053 
1 6194 
0 
15 637 2176 2177 2178 2179 2180 2181 2182 2183 2184 2185 2186 2187 2188 2189 
2 30 31 
18 3238 3239 3240 3242 3243 3244 3246 3247 3248 3249 3250 3251 3252 3253 3254 3255 3256 3257 
1 640 
1 1792 
0 
4 643 6174 6175 6176 
1 1016 
0 
1 788 
2 543 544 
0 
0 
1 2467 
0 
0 
0 
6 654 2398 2399 2402 2405 2406 
2 6361 6362 
1 2665 
0 
1 2129 
12 2559 2560 2561 2562 2563 2564 2565 2566 2567 2568 2569 2570 
1 727 
0 
0 
1 3585 
0 
4 1852 1853 1854 1861 
0 
1 3047 
17 6432 6433 6434 6435 6436 6437 6438 6439 6440 6441 6442 6443 6444 6445 6446 6447 6448 
8 1834 1836 1837 1838 1839 1840 1844 1845 
2 551 552 
3 2479 2480 2481 
2 1021 1022 
0 
4 1361 1362 1363 1365 
11 1396 1397 1398 1399 1400 1401 1402 1403 1404 1405 1406 
5 2912 2931 2941 2942 2963 
0 
1 3763 
0 
1 3658 
0 
0 
0 
0 
1 4304 
1 4274 
0 
0 
0 
0 
3 3759 3760 3761 
1 4552 
0 
1 3461 
0 
0 
2 1208 1209 
0 
0 
2 3454 3455 
0 
0 
0 
2 543 544 
1 1318 
1 1621 
3 1407 1408 1409 
0 
2 837 838 
0 
1 4030 
0 
2 6369 6370 
0 
0 
1 4304 
0 
0 
7 3417 3419 3420 3421 3422 3423 3427 
2 922 935 
0 
1 722 
0 
0 
0 
0 
0 
0 
2 4052 4053 
2 4235 4236 
0 
0 
1 6302 
3 3027 3028 3029 
0 
0 
4 174 175 176 177 
0 
0 
5 4140 4141 4142 4143 4144 
8 1387 1388 1389 1390 1391 1392 1393 1394 
1 2042 
0 
0 
0 
0 
2 3817 3818 
3 3541 3542 3543 
0 
0 
0 
0 
0 
0 
8 2671 2672 2673 2674 2675 2676 2677 2678 
35 2771 2772 2773 2774 2775 2776 2777 2778 2779 2780 2781 2782 2783 2784 2785 2786 2787 2788 2789 2790 2791 2792 2793 2794 2795 2797 2798 2802 2803 2805 2806 2807 2808 2809 3326 
2 30 31 
1 901 
0 
12 700 701 702 703 704 705 706 707 709 710 712 713 
0 
28 239 240 241 242 243 244 245 246 247 248 249 250 251 252 253 254 255 256 257 258 259 260 261 262 263 264 265 266 
4 1750 1751 1752 1753 
3 2584 2585 2616 
0 
0 
2 3746 3747 
1 3810 
10 6466 6467 6468 6470 6471 6472 6473 6474 6475 6476 
1 6479 
0 
0 
2 3792 3793 
0 
0 
2 1866 1867 
0 
0 
0 
2 2679 2682 
4 1852 1853 1854 1861 
6 1855 1856 1857 1858 1859 1860 
4 1156 1157 1159 1160 
11 784 785 786 2671 2672 2673 2674 2675 2676 2677 2678 
2 30 31 
5 35 36 37 38 39 
4 3531 3532 3533 3534 
1 4013 
0 
0 
0 
0 
3 1407 1408 1409 
3 3322 3323 3324 
0 
0 
1 797 
0 
0 
0 
0 
0 
0 
3 3837 3838 5692 
0 
33 2286 2287 2288 2291 2292 2299 2301 2302 2304 2305 2306 2307 2308 2309 2310 2311 2322 2323 2324 2325 2326 2327 2328 2329 2330 2331 2332 2333 2334 2335 2336 2337 2340 
0 
5 6270 6271 6272 6273 6274 
2 3817 3818 
0 
0 
0 
4 1736 1737 1738 1739 
1 3686 
6 3032 3033 3034 3035 5414 5415 
1 5994 
0 
1 1320 
0 
0 
1 1493 
10 1033 1034 1035 1036 1037 1038 1039 1040 1041 1042 
3 1563 1564 1565 
10 1033 1034 1035 1036 1037 1038 1039 1040 1041 1042 
2 2936 2937 
6 6044 6045 6046 6047 6048 6049 
0 
19 2176 2177 2178 2179 2180 2181 2182 2183 2184 2185 2186 2187 2188 2189 5102 5103 5104 5105 5106 
23 1223 1224 1225 1226 1227 1228 1229 1232 1233 1234 1235 1236 1237 1238 1239 1240 1241 1242 1243 4792 4793 4795 4796 
6 472 473 474 475 481 482 
16 831 3340 3341 3342 3354 3378 3379 3380 3387 3388 3389 3390 3391 3392 3393 3394 
0 
0 
25 3238 3239 3240 3242 3243 3244 3246 3247 3248 3249 3250 3251 3252 3253 3254 3255 3256 3257 5466 5468 5469 5470 5471 5472 5473 
0 
0 
0 
0 
1 3823 
0 
0 
0 
0 
1 1683 
0 
6 651 652 653 654 655 656 
0 
0 
3 2850 6517 6518 
3 6174 6175 6176 
0 
1 3047 
2 3717 3718 
3 4290 4291 4292 
0 
0 
1 780 
0 
1 3600 
1 780 
1 859 
2 1061 1062 
0 
0 
0 
0 
0 
0 
3 2033 2037 2038 
0 
2 837 838 
2 2998 2999 
0 
0 
2 790 791 
2 4254 4255 
1 2749 
3 1218 1219 1220 
0 
1 993 
4 49 51 52 53 
4 1750 1751 1752 1753 
12 2559 2560 2561 2562 2563 2564 2565 2566 2567 2568 2569 2570 
34 2771 2772 2773 2774 2775 2776 2777 2778 2779 2780 2781 2782 2783 2784 2785 2786 2787 2788 2789 2790 2791 2792 2793 2794 2795 2797 2798 2802 2803 2805 2806 2807 2808 2809 
1 3047 
3 4351 5838 5839 
1 780 
1 1634 
2 4052 4053 
0 
0 
9 2855 2856 2857 2858 2859 2860 2861 2862 2867 
1 2042 
0 
1 2414 
4 1852 1853 1854 1861 
6 1855 1856 1857 1858 1859 1860 
1 4171 
0 
1 1707 
0 
0 
0 
2 3307 3308 
9 2855 2856 2857 2858 2859 2860 2861 2862 2867 
0 
2 1677 1678 
0 
0 
0 
0 
34 2771 2772 2773 2774 2775 2776 2777 2778 2779 2780 2781 2782 2783 2784 2785 2786 2787 2788 2789 2790 2791 2792 2793 2794 2795 2797 2798 2802 2803 2805 2806 2807 2808 2809 
1 6331 
5 3115 3116 3117 3118 5435 
5 1616 1617 1618 1619 1620 
22 3355 3356 3357 3358 3359 3360 3361 3362 3363 3364 3365 3366 3367 3368 3369 3370 3371 3372 3373 3374 3375 3376 
12 700 701 702 703 704 705 706 707 709 710 712 713 
0 
0 
1 6290 
0 
0 
9 6528 6529 6530 6531 6533 6544 6545 6549 6551 
0 
0 
6 1855 1856 1857 1858 1859 1860 
1 6367 
0 
0 
0 
0 
0 
2 30 31 
1 4159 
0 
0 
1 480 
0 
5 3956 3957 3958 3959 3960 
0 
0 
1 2512 
3 3949 3950 3951 
5 6353 6355 6356 6357 6360 
0 
0 
5 1652 1653 1654 1655 1656 
0 
0 
1 6528 
0 
0 
0 
2 3478 3479 
1 1364 
2 1183 1184 
5 1558 1559 1560 1561 1562 
0 
2 3047 5416 
5 6270 6271 6272 6273 6274 
0 
0 
0 
7 1323 1324 1325 1326 1327 1328 6109 
1 3587 
9 2855 2856 2857 2858 2859 2860 2861 2862 2867 
3 4185 4186 4187 
1 1695 
0 
0 
0 
1 387 
0 
0 
0 
5 1652 1653 1654 1655 1656 
0 
0 
4 3637 3638 3639 3640 
4 322 323 324 980 
0 
0 
2 1918 1919 
0 
0 
0 
2 2667 2668 
0 
1 989 
2 30 31 
0 
0 
2 849 850 
1 903 
0 
0 
0 
0 
26 2693 2694 2695 2696 2697 2698 2699 2700 2701 2702 2703 2704 2705 2706 2707 2708 2709 2710 2711 2712 2713 2714 2715 2716 2717 2718 
1 3850 
3 1869 1870 1873 
0 
10 2944 2945 2946 2947 2948 2949 2950 2951 2952 2953 
3 1004 1005 1006 
0 
0 
0 
1 4778 
25 3238 3239 3240 3242 3243 3244 3246 3247 3248 3249 3250 3251 3252 3253 3254 3255 3256 3257 5466 5468 5469 5470 5471 5472 5473 
3 3743 3744 5668 
0 
6 1012 1013 3531 3532 3533 3534 
2 30 31 
5 35 36 37 38 39 
0 
6 2971 2972 2973 2974 2975 2976 
1 3047 
1 779 
2 512 513 
0 
0 
0 
0 
2 857 858 
0 
0 
9 2855 2856 2857 2858 2859 2860 2861 2862 2867 
3 1769 1770 1771 
5 2354 2355 2356 2357 2358 
0 
0 
0 
0 
3 3912 5722 5725 
0 
1 2042 
0 
3 322 323 324 
3 1841 1842 1843 
0 
1 2468 
1 1042 
1 1884 
0 
2 3047 5416 
3 2033 2037 2038 
0 
1 97 
0 
14 1050 2100 2101 2102 2104 2105 2109 2110 2111 2112 2113 2114 2115 2116 
0 
0 
0 
0 
0 
0 
0 
0 
0 
1 2535 
3 1563 1564 1565 
0 
4 3444 3445 3446 3447 
0 
1 1210 
24 3724 3725 3726 3727 3728 3729 3730 3731 3732 3733 3734 3735 3736 3737 5657 5658 5659 5660 5661 5662 5663 5664 5665 5666 
0 
0 
0 
2 6261 6262 
0 
0 
0 
1 1634 
0 
0 
10 3690 3691 3692 3694 3695 3696 3697 3698 3699 3700 
18 3238 3239 3240 3242 3243 3244 3246 3247 3248 3249 3250 3251 3252 3253 3254 3255 3256 3257 
2 3604 3605 
12 2368 2369 2370 2371 2372 2373 2374 2375 2376 2377 2380 2390 
0 
0 
0 
4 3444 3445 3446 3447 
0 
0 
0 
9 2139 2140 2141 2142 2143 2144 2145 2146 2148 
0 
0 
9 2855 2856 2857 2858 2859 2860 2861 2862 2867 
4 152 153 154 155 
0 
0 
0 
10 3690 3691 3692 3694 3695 3696 3697 3698 3699 3700 
0 
9 2855 2856 2857 2858 2859 2860 2861 2862 2867 
0 
4 3637 3638 3639 3640 
0 
0 
3 4152 4155 4156 
1 3527 
0 
0 
0 
2 3817 3818 
0 
0 
6 2234 2235 2236 2237 2238 2239 
0 
0 
2 6511 6512 
3 2599 2600 2601 
0 
0 
6 811 812 813 814 815 816 
0 
4 2887 2888 2889 2890 
3 1407 1408 1409 
8 2671 2672 2673 2674 2675 2676 2677 2678 
0 
0 
6 1652 1653 1654 1655 1656 6246 
0 
0 
0 
0 
3 3795 3796 3797 
0 
4 2061 2062 2063 2073 
0 
0 
2 3478 3479 
0 
2 30 31 
0 
0 
3 3458 3459 3460 
4 2033 2037 2038 5068 
0 
0 
0 
2 1152 1154 
1 924 
1 1095 
0 
5 35 36 37 38 39 
2 1150 1151 
0 
0 
0 
0 
5 2354 2355 2356 2357 2358 
0 
6 472 473 474 475 481 482 
2 1748 1749 
0 
2 1121 1122 
1 6503 
0 
2 6553 6554 
0 
2 1819 1820 
0 
7 2894 2895 3623 3624 3625 3626 3627 
0 
1 6367 
0 
1 5396 
1 5396 
0 
1 924 
0 
6 1855 1856 1857 1858 1859 1860 
0 
0 
0 
0 
11 1197 1198 1199 1200 1201 1203 1204 1205 1206 4781 4782 
0 
0 
4 425 4266 4270 4271 
5 2912 2931 2941 2942 2963 
0 
0 
0 
2 551 552 
1 1804 
0 
0 
0 
0 
4 1361 1362 1363 1365 
0 
2 3478 3479 
14 719 720 721 722 723 724 725 726 728 729 730 731 732 1198 
2 6511 6512 
10 1033 1034 1035 1036 1037 1038 1039 1040 1041 1042 
0 
3 1218 1219 1220 
0 
0 
18 4196 4197 4201 4202 4203 4204 4205 4206 4207 4208 4209 4210 4212 4213 4214 4215 4216 4217 
0 
0 
0 
0 
7 300 315 317 318 319 320 321 
0 
2 1447 4847 
0 
0 
23 1223 1224 1225 1226 1227 1228 1229 1232 1233 1234 1235 1236 1237 1238 1239 1240 1241 1242 1243 4792 4793 4795 4796 
18 3238 3239 3240 3242 3243 3244 3246 3247 3248 3249 3250 3251 3252 3253 3254 3255 3256 3257 
23 1223 1224 1225 1226 1227 1228 1229 1232 1233 1234 1235 1236 1237 1238 1239 1240 1241 1242 1243 4792 4793 4795 4796 
6 6003 6004 6005 6504 6505 6506 
3 2043 2044 2045 
0 
0 
0 
0 
0 
1 189 
2 512 513 
0 
0 
1 1496 
1 2042 
0 
0 
11 1233 1235 2855 2856 2857 2858 2859 2860 2861 2862 2867 
1 904 
0 
2 6339 6340 
0 
18 3238 3239 3240 3242 3243 3244 3246 3247 3248 3249 3250 3251 3252 3253 3254 3255 3256 3257 
3 6485 6486 6487 
0 
0 
0 
0 
0 
0 
1 1320 
2 1740 1741 
3 1869 1870 1873 
1 2435 
0 
0 
2 2079 2088 
0 
0 
0 
0 
0 
0 
0 
0 
0 
1 3994 
0 
0 
6 1265 1266 1267 1268 6491 6492 
5 35 36 37 38 39 
0 
0 
18 1250 1251 1252 1253 1254 1255 1256 1257 1258 1259 1260 1261 1262 1263 1264 1265 1266 1267 
1 1973 
6 2011 2012 2013 2014 2015 2016 
14 719 720 721 722 723 724 725 726 728 729 730 731 732 1272 
1 3912 
0 
0 
1 3763 
0 
7 4042 4043 4044 4045 4046 4048 4049 
2 44 45 
0 
8 2671 2672 2673 2674 2675 2676 2677 2678 
0 
0 
0 
1 2796 
0 
1 6303 
3 9 10 11 
0 
9 2855 2856 2857 2858 2859 2860 2861 2862 2867 
1 1320 
5 6270 6271 6272 6273 6274 
1 2943 
0 
13 719 720 721 722 723 724 725 726 728 729 730 731 732 
3 2039 2040 2041 
0 
3 6504 6505 6506 
1 3943 
0 
3 2724 2725 2726 
0 
0 
1 3047 
0 
3 4152 4155 4156 
2 3651 3652 
0 
0 
10 1033 1034 1035 1036 1037 1038 1039 1040 1041 1042 
0 
0 
10 6466 6467 6468 6470 6471 6472 6473 6474 6475 6476 
0 
1 2884 
0 
0 
9 3102 3103 3104 3105 3106 3107 3108 3109 3110 
10 2944 2945 2946 2947 2948 2949 2950 2951 2952 2953 
1 1707 
3 6504 6505 6506 
18 4196 4197 4201 4202 4203 4204 4205 4206 4207 4208 4209 4210 4212 4213 4214 4215 4216 4217 
0 
4 348 1215 1216 1217 
9 1325 1326 1997 1998 1999 2000 2001 2002 2003 
2 30 31 
0 
5 1323 1324 1325 1326 1328 
5 1323 1324 1325 1326 1327 
6 1855 1856 1857 1858 1859 1860 
1 1016 
0 
5 1470 1471 1472 1473 1474 
2 3851 3852 
4 1769 1770 1771 6494 
4 1185 1186 1187 1336 
0 
0 
6 2011 2012 2013 2014 2015 2016 
34 2771 2772 2773 2774 2775 2776 2777 2778 2779 2780 2781 2782 2783 2784 2785 2786 2787 2788 2789 2790 2791 2792 2793 2794 2795 2797 2798 2802 2803 2805 2806 2807 2808 2809 
6 6044 6045 6046 6047 6048 6049 
0 
0 
0 
2 1137 1141 
1 1437 
0 
0 
0 
0 
0 
0 
0 
0 
0 
5 2398 2399 2402 2405 2406 
0 
3 2132 2133 2134 
0 
0 
0 
0 
0 
1 3850 
3 4152 4155 4156 
0 
1 788 
0 
0 
4 1550 1551 4883 4884 
0 
0 
0 
2 790 791 
0 
0 
1 2574 
0 
19 2176 2177 2178 2179 2180 2181 2182 2183 2184 2185 2186 2187 2188 2189 5102 5103 5104 5105 5106 
0 
3 3304 3309 3310 
0 
5 2912 2931 2941 2942 2963 
19 1223 1224 1225 1226 1227 1228 1229 1232 1233 1234 1235 1236 1237 1238 1239 1240 1241 1242 1243 
0 
0 
38 2227 2228 2229 2230 2231 2232 2233 2241 2245 2251 2252 2253 2254 2255 2263 2264 2265 2266 2267 2269 2275 2276 2300 2350 2353 2359 2360 2361 2365 2366 2378 2379 2392 2393 2394 2395 2396 2397 
0 
0 
0 
0 
4 4356 4357 4358 4359 
1 4383 
3 6174 6175 6176 
0 
0 
0 
4 605 606 607 608 
0 
0 
1 5422 
3 1285 1286 4807 
2 6288 6289 
0 
2 1450 1451 
9 6528 6529 6530 6531 6533 6544 6545 6549 6551 
34 2771 2772 2773 2774 2775 2776 2777 2778 2779 2780 2781 2782 2783 2784 2785 2786 2787 2788 2789 2790 2791 2792 2793 2794 2795 2797 2798 2802 2803 2805 2806 2807 2808 2809 
0 
12 2368 2369 2370 2371 2372 2373 2374 2375 2376 2377 2380 2390 
1 1320 
1 3925 
0 
0 
2 30 31 
4 1416 1418 1419 1420 
0 
0 
0 
1 2799 
9 2855 2856 2857 2858 2859 2860 2861 2862 2867 
0 
5 2525 2526 2532 2533 6115 
0 
4 1131 1132 1133 1134 
1 1176 
0 
0 
14 3268 3269 3270 3271 3272 3274 3275 3276 3277 3289 3290 3301 3305 3306 
0 
0 
1 6557 
0 
2 3022 3023 
1 748 
2 6006 6507 
0 
1 1126 
0 
0 
2 922 935 
0 
0 
0 
0 
0 
0 
33 2286 2287 2288 2291 2292 2299 2301 2302 2304 2305 2306 2307 2308 2309 2310 2311 2322 2323 2324 2325 2326 2327 2328 2329 2330 2331 2332 2333 2334 2335 2336 2337 2340 
2 1866 1867 
10 6534 6535 6536 6537 6538 6539 6540 6541 6542 6543 
4 1585 1586 1587 1588 
3 1455 1456 1457 
0 
0 
1 1454 
0 
5 1876 1877 1889 1905 1906 
3 3024 3025 3026 
0 
1 189 
0 
3 3058 3059 3060 
1 1462 
0 
1 3676 
0 
0 
0 
0 
0 
0 
1 6507 
0 
0 
0 
7 3417 3419 3420 3421 3422 3423 3427 
0 
0 
13 719 720 721 722 723 724 725 726 728 729 730 731 732 
0 
1 1491 
0 
0 
11 1197 1198 1199 1200 1201 1203 1204 1205 1206 4781 4782 
1 2364 
1 1126 
0 
0 
0 
0 
0 
0 
1 379 
9 2855 2856 2857 2858 2859 2860 2861 2862 2867 
0 
1 4159 
34 2771 2772 2773 2774 2775 2776 2777 2778 2779 2780 2781 2782 2783 2784 2785 2786 2787 2788 2789 2790 2791 2792 2793 2794 2795 2797 2798 2802 2803 2805 2806 2807 2808 2809 
3 1218 1219 1220 
34 2771 2772 2773 2774 2775 2776 2777 2778 2779 2780 2781 2782 2783 2784 2785 2786 2787 2788 2789 2790 2791 2792 2793 2794 2795 2797 2798 2802 2803 2805 2806 2807 2808 2809 
1 2806 
0 
3 4152 4155 4156 
0 
6 4218 4219 4220 4221 4222 5804 
2 3817 3818 
0 
3 1410 1411 1412 
0 
0 
0 
0 
2 122 123 
1 903 
1 2409 
2 393 2322 
2 1021 1022 
0 
3 3044 3045 3046 
0 
3 2584 2585 2616 
5 3224 3225 3226 3227 3228 
1 3527 
0 
0 
0 
0 
0 
0 
0 
2 727 4613 
0 
0 
1 87 
4 1496 4864 4867 4868 
28 239 240 241 242 243 244 245 246 247 248 249 250 251 252 253 254 255 256 257 258 259 260 261 262 263 264 265 266 
0 
2 3478 3479 
13 2264 2265 2266 2267 6528 6529 6530 6531 6533 6544 6545 6549 6551 
2 2089 2090 
0 
1 3708 
3 3949 3950 3951 
1 2749 
0 
1 1214 
0 
0 
0 
0 
0 
0 
0 
1 568 
0 
3 4405 4406 4407 
3 1218 1219 1220 
0 
0 
0 
5 314 1559 1560 1561 1562 
3 1869 1870 1873 
0 
0 
0 
7 300 315 317 318 319 320 321 
1 2884 
1 4009 
25 1250 1251 1252 1253 1254 1255 1256 1257 1258 1259 1260 1261 1262 1263 1264 1265 1266 1267 1268 1567 1568 1569 1570 1571 1572 
2 30 31 
5 35 36 37 38 39 
2 44 45 
0 
0 
0 
18 667 669 671 672 673 674 675 676 677 678 679 680 681 682 683 684 685 686 
0 
0 
3 3858 3859 3860 
0 
1 1804 
0 
3 322 323 324 
11 1396 1397 1398 1399 1400 1401 1402 1403 1404 1405 1406 
36 1583 2306 2771 2772 2773 2774 2775 2776 2777 2778 2779 2780 2781 2782 2783 2784 2785 2786 2787 2788 2789 2790 2791 2792 2793 2794 2795 2797 2798 2802 2803 2805 2806 2807 2808 2809 
0 
8 6092 6093 6094 6095 6096 6097 6099 6100 
0 
0 
0 
0 
0 
0 
5 1729 1730 1731 1732 1733 
2 6323 6324 
0 
3 1059 1060 4094 
17 2536 2537 2538 2542 2543 2544 2545 2546 2547 2548 2549 2550 2551 5192 5193 5194 5195 
3 2043 2044 2045 
4 1361 1362 1363 1365 
0 
0 
1 1107 
4 2525 2526 2532 2533 
1 6507 
0 
13 2100 2101 2102 2104 2105 2109 2110 2111 2112 2113 2114 2115 2116 
0 
2 551 552 
0 
0 
10 1033 1034 1035 1036 1037 1038 1039 1040 1041 1042 
0 
0 
7 811 812 813 814 815 816 1613 
0 
3 1215 1216 1217 
2 780 2696 
1 6301 
0 
0 
7 3417 3419 3420 3421 3422 3423 3427 
2 6517 6518 
0 
0 
0 
1 2467 
1 2665 
0 
0 
3 6174 6175 6176 
0 
0 
3 3322 3323 3324 
0 
0 
1 3522 
0 
0 
0 
2 1061 1062 
0 
0 
4 1303 1304 1642 1643 
2 30 31 
5 35 36 37 38 39 
0 
0 
0 
0 
0 
7 3281 3282 3283 3284 3285 3286 3287 
1 1946 
0 
6 2234 2235 2236 2237 2238 2239 
0 
0 
2 4052 4053 
1 5422 
12 700 701 702 703 704 705 706 707 709 710 712 713 
1 1210 
0 
0 
1 2571 
0 
2 3047 5416 
1 3318 
0 
0 
18 4196 4197 4201 4202 4203 4204 4205 4206 4207 4208 4209 4210 4212 4213 4214 4215 4216 4217 
0 
0 
9 4295 4296 4297 4298 4299 4300 4301 4302 4303 
1 3509 
5 2912 2931 2941 2942 2963 
1 1614 
18 4196 4197 4201 4202 4203 4204 4205 4206 4207 4208 4209 4210 4212 4213 4214 4215 4216 4217 
1 1676 
0 
0 
12 700 701 702 703 704 705 706 707 709 710 712 713 
0 
0 
1 5450 
0 
0 
0 
9 2139 2140 2141 2142 2143 2144 2145 2146 2148 
3 3759 3760 3761 
0 
7 781 782 783 784 785 786 787 
5 1414 1416 1418 1419 1420 
0 
0 
35 2771 2772 2773 2774 2775 2776 2777 2778 2779 2780 2781 2782 2783 2784 2785 2786 2787 2788 2789 2790 2791 2792 2793 2794 2795 2797 2798 2802 2803 2805 2806 2807 2808 2809 3326 
0 
36 1712 1713 2771 2772 2773 2774 2775 2776 2777 2778 2779 2780 2781 2782 2783 2784 2785 2786 2787 2788 2789 2790 2791 2792 2793 2794 2795 2797 2798 2802 2803 2805 2806 2807 2808 2809 
33 2286 2287 2288 2291 2292 2299 2301 2302 2304 2305 2306 2307 2308 2309 2310 2311 2322 2323 2324 2325 2326 2327 2328 2329 2330 2331 2332 2333 2334 2335 2336 2337 2340 
0 
0 
1 4101 
1 3527 
1 6557 
0 
0 
2 1543 1544 
0 
0 
1 4282 
10 6534 6535 6536 6537 6538 6539 6540 6541 6542 6543 
0 
5 3449 3450 3451 3452 3453 
3 4024 4025 4026 
0 
3 1804 4961 4962 
3 3024 3025 3026 
0 
0 
2 1121 1122 
0 
0 
0 
1 1721 
0 
13 781 782 783 784 785 786 787 4631 4632 4633 4634 4635 4636 
2 583 584 
1 3019 
0 
0 
6 3381 3382 3383 3384 3385 3386 
4 3531 3532 3533 3534 
2 849 850 
0 
3 1769 1770 1771 
0 
1 1792 
1 853 
0 
5 1778 2061 2062 2063 2073 
10 2855 2856 2857 2858 2859 2860 2861 2862 2867 6002 
0 
0 
8 2451 2452 2453 2454 2455 2456 2457 2458 
0 
0 
0 
10 1757 1758 1759 1760 1761 1762 1763 1764 1765 1766 
0 
1 3245 
3 2416 2417 2419 
0 
0 
0 
3 1752 1753 6478 
9 2139 2140 2141 2142 2143 2144 2145 2146 2148 
0 
12 2559 2560 2561 2562 2563 2564 2565 2566 2567 2568 2569 2570 
0 
3 3458 3459 3460 
3 3229 3230 3231 
0 
8 1760 1761 1762 1763 1764 1765 1766 4420 
1 568 
2 30 31 
0 
1 2853 
12 700 701 702 703 704 705 706 707 709 710 712 713 
0 
0 
0 
0 
4 1585 1586 1587 1588 
2 2800 2801 
3 3024 3025 3026 
19 1773 3238 3239 3240 3242 3243 3244 3246 3247 3248 3249 3250 3251 3252 3253 3254 3255 3256 3257 
0 
8 944 948 952 953 958 4678 4679 4680 
1 4086 
12 609 610 611 612 613 614 615 616 617 618 619 620 
1 1214 
4 2061 2062 2063 2073 
0 
0 
13 6069 6070 6071 6072 6073 6074 6075 6076 6077 6078 6079 6080 6081 
34 2771 2772 2773 2774 2775 2776 2777 2778 2779 2780 2781 2782 2783 2784 2785 2786 2787 2788 2789 2790 2791 2792 2793 2794 2795 2797 2798 2802 2803 2805 2806 2807 2808 2809 
1 2121 
0 
0 
0 
0 
0 
1 753 
2 2527 2528 
4 1750 1751 1752 1753 
0 
0 
34 2771 2772 2773 2774 2775 2776 2777 2778 2779 2780 2781 2782 2783 2784 2785 2786 2787 2788 2789 2790 2791 2792 2793 2794 2795 2797 2798 2802 2803 2805 2806 2807 2808 2809 
0 
0 
0 
4 1852 1853 1854 1861 
8 2589 2591 2592 2593 2594 2595 2596 2597 
1 2414 
0 
3 4405 4406 4407 
2 3642 3643 
19 1250 1251 1252 1253 1254 1255 1256 1257 1258 1259 1260 1261 1262 1263 1264 1265 1266 1267 1268 
5 3224 3225 3226 3227 3228 
0 
5 3224 3225 3226 3227 3228 
0 
3 1218 1219 1220 
1 4253 
5 4218 4219 4220 4221 4222 
0 
0 
0 
0 
0 
0 
0 
5 2479 2480 2481 5173 5174 
2 6361 6362 
4 1852 1853 1854 1861 
1 2646 
1 854 
0 
1 875 
12 2368 2369 2370 2371 2372 2373 2374 2375 2376 2377 2380 2390 
4 3681 3683 3684 3685 
0 
0 
9 3102 3103 3104 3105 3106 3107 3108 3109 3110 
0 
0 
1 727 
0 
0 
0 
0 
1 5326 
0 
1 3994 
1 2884 
2 3005 3006 
1 4432 
0 
2 6511 6512 
0 
1 727 
0 
1 2414 
0 
0 
0 
0 
1 891 
5 1856 1857 1858 1859 1860 
3 1791 1793 1800 
0 
9 4295 4296 4297 4298 4299 4300 4301 4302 4303 
2 6144 6145 
5 1855 1856 1857 1858 1859 
0 
1 4274 
1 1162 
0 
0 
0 
10 3768 3769 3772 3773 3774 3775 3776 3777 3778 3779 
0 
5 2283 3291 3298 3302 3303 
0 
0 
2 3036 3037 
13 6106 6107 6108 6109 6110 6111 6112 6113 6114 6115 6133 6137 6146 
0 
2 3036 3037 
0 
0 
0 
0 
1 6367 
0 
0 
4 4146 4148 4149 4150 
0 
0 
0 
0 
1 5994 
3 3304 3309 3310 
1 780 
0 
0 
1 2799 
0 
1 3510 
18 667 669 671 672 673 674 675 676 677 678 679 680 681 682 683 684 685 686 
4 476 477 478 479 
0 
0 
0 
0 
0 
0 
0 
0 
2 6385 6386 
3 2033 2037 2038 
1 819 
0 
2 2169 2170 
0 
1 780 
1 453 
0 
0 
19 1223 1224 1225 1226 1227 1228 1229 1232 1233 1234 1235 1236 1237 1238 1239 1240 1241 1242 1243 
0 
11 1396 1397 1398 1399 1400 1401 1402 1403 1404 1405 1406 
0 
1 301 
2 30 31 
0 
5 1652 1653 1654 1655 1656 
0 
0 
3 1410 1411 1412 
0 
4 1852 1853 1854 1861 
0 
5 106 1361 1362 1363 1365 
1 1810 
0 
1 1806 
9 2855 2856 2857 2858 2859 2860 2861 2862 2867 
1 301 
1 692 
3 1215 1216 1217 
10 2944 2945 2946 2947 2948 2949 2950 2951 2952 2953 
10 2944 2945 2946 2947 2948 2949 2950 2951 2952 2953 
1 1320 
6 315 317 318 319 320 321 
0 
0 
3 6449 6450 6451 
3 1332 1333 1334 
1 4035 
0 
0 
4 1131 1132 1133 1134 
0 
0 
0 
0 
0 
7 3944 3945 3946 3947 3948 5333 5334 
0 
0 
0 
0 
1 4006 
0 
2 2679 2682 
1 4274 
0 
19 1223 1224 1225 1226 1227 1228 1229 1232 1233 1234 1235 1236 1237 1238 1239 1240 1241 1242 1243 
0 
0 
0 
0 
0 
1 3722 
0 
0 
0 
1 924 
7 739 740 741 742 743 744 745 
1 15 
13 2100 2101 2102 2104 2105 2109 2110 2111 2112 2113 2114 2115 2116 
5 6270 6271 6272 6273 6274 
0 
1 1166 
6 1323 1324 1325 1326 1327 1328 
0 
0 
1 3763 
0 
0 
6 124 125 126 127 128 129 
0 
5 2912 2931 2941 2942 2963 
0 
0 
0 
1 2796 
1 4408 
0 
0 
0 
5 1470 1471 1472 1473 1474 
1 3658 
0 
1 6098 
0 
0 
1 1423 
9 2855 2856 2857 2858 2859 2860 2861 2862 2867 
2 940 941 
0 
7 4177 4178 4179 4180 4181 5797 5798 
1 1683 
0 
5 3224 3225 3226 3227 3228 
1 3922 
5 1652 1653 1654 1655 1656 
0 
1 4253 
1 6098 
5 6353 6355 6356 6357 6360 
0 
9 2855 2856 2857 2858 2859 2860 2861 2862 2867 
2 940 941 
1 2154 
0 
0 
0 
0 
1 519 
5 4218 4219 4220 4221 4222 
15 3340 3341 3342 3354 3378 3379 3380 3387 3388 3389 3390 3391 3392 3393 3394 
0 
3 4123 4124 4125 
2 1543 1544 
0 
0 
2 2169 2170 
0 
1 1095 
0 
0 
2 436 437 
1 373 
1 1447 
1 6331 
2 1450 1451 
0 
0 
0 
0 
0 
2 2051 2960 
0 
0 
0 
0 
1 1804 
0 
5 6270 6271 6272 6273 6274 
0 
0 
1 6153 
1 3432 
0 
18 3238 3239 3240 3242 3243 3244 3246 3247 3248 3249 3250 3251 3252 3253 3254 3255 3256 3257 
0 
0 
1 5644 
0 
0 
2 1450 1451 
4 322 323 324 2071 
0 
0 
2 2004 2005 
1 1694 
0 
3 2077 2527 2528 
2 30 31 
2 6312 6320 
0 
1 2727 
0 
0 
0 
5 3224 3225 3226 3227 3228 
0 
0 
2 1450 1451 
1 853 
4 4405 4406 4407 5854 
0 
0 
1 4274 
18 3238 3239 3240 3242 3243 3244 3246 3247 3248 3249 3250 3251 3252 3253 3254 3255 3256 3257 
0 
8 1989 1990 1991 1992 1993 1994 1995 1996 
0 
0 
1 2555 
7 3417 3419 3420 3421 3422 3423 3427 
0 
1 401 
3 1138 1139 1140 
0 
0 
0 
0 
0 
0 
0 
0 
0 
1 1100 
12 2100 2101 2102 2104 2105 2109 2110 2111 2112 2114 2115 2116 
0 
0 
1 4167 
0 
2 2403 2404 
14 2176 2177 2178 2179 2180 2181 2182 2183 2184 2185 2186 2187 2188 2189 
1 3018 
0 
0 
10 1757 1758 1759 1760 1761 1762 1763 1764 1765 1766 
38 2227 2228 2229 2230 2231 2232 2233 2241 2245 2251 2252 2253 2254 2255 2263 2264 2265 2266 2267 2269 2275 2276 2300 2350 2353 2359 2360 2361 2365 2366 2378 2379 2392 2393 2394 2395 2396 2397 
0 
3 4024 4025 4026 
0 
0 
0 
9 2855 2856 2857 2858 2859 2860 2861 2862 2867 
0 
0 
0 
0 
9 2855 2856 2857 2858 2859 2860 2861 2862 2867 
0 
1 4079 
3 4405 4406 4407 
3 222 2140 2141 
5 3224 3225 3226 3227 3228 
5 35 36 37 38 39 
0 
0 
1 4642 
0 
0 
3 1461 1462 1463 
2 3817 3818 
1 2646 
1 3871 
2 2467 5127 
3 5182 5183 5184 
5 2520 2521 2522 2523 2524 
1 6301 
1 3823 
0 
9 2855 2856 2857 2858 2859 2860 2861 2862 2867 
0 
2 1866 1867 
0 
0 
0 
2 2169 2170 
3 1407 1408 1409 
1 3527 
0 
0 
0 
34 2771 2772 2773 2774 2775 2776 2777 2778 2779 2780 2781 2782 2783 2784 2785 2786 2787 2788 2789 2790 2791 2792 2793 2794 2795 2797 2798 2802 2803 2805 2806 2807 2808 2809 
0 
0 
1 3631 
1 2174 
0 
0 
0 
0 
0 
0 
0 
3 1407 1408 1409 
4 1736 1737 1738 1739 
1 1805 
0 
0 
0 
4 2188 2189 3454 3455 
2 30 31 
5 35 36 37 38 39 
1 1496 
1 1438 
2 6288 6289 
13 2100 2101 2102 2104 2105 2109 2110 2111 2112 2113 2114 2115 2116 
0 
12 5950 5951 5952 5953 5955 5956 5957 6353 6355 6356 6357 6360 
0 
0 
1 3245 
7 485 486 487 488 489 490 491 
2 1021 1022 
0 
0 
3 2724 2725 2726 
0 
1 871 
0 
0 
4 1361 1362 1363 1365 
3 1218 1219 1220 
0 
0 
0 
3 274 2987 2988 
1 646 
0 
1 2024 
0 
0 
8 1271 1272 1273 1274 1275 1276 4802 4803 
0 
1 4275 
0 
2 982 983 
0 
17 6432 6433 6434 6435 6436 6437 6438 6439 6440 6441 6442 6443 6444 6445 6446 6447 6448 
0 
1 1806 
1 1212 
0 
0 
3 2033 2037 2038 
5 2724 2725 2726 5287 5288 
3 940 941 4677 
1 2235 
0 
0 
1 171 
1 3593 
0 
3 2527 2528 5186 
0 
4 467 6504 6505 6506 
1 779 
1 1976 
2 122 123 
0 
0 
2 2031 2032 
0 
11 1396 1397 1398 1399 1400 1401 1402 1403 1404 1405 1406 
5 6270 6271 6272 6273 6274 
0 
10 2618 4295 4296 4297 4298 4299 4300 4301 4302 4303 
6 1878 1879 1880 1881 1882 2277 
6 4410 4411 4412 4417 4418 4419 
2 1021 1022 
9 6528 6529 6530 6531 6533 6544 6545 6549 6551 
1 5644 
2 360 361 
0 
0 
19 1223 1224 1225 1226 1227 1228 1229 1232 1233 1234 1235 1236 1237 1238 1239 1240 1241 1242 1243 
3 6174 6175 6176 
0 
5 2912 2931 2941 2942 2963 
4 3291 3298 3302 3303 
19 1250 1251 1252 1253 1254 1255 1256 1257 1258 1259 1260 1261 1262 1263 1264 1265 1266 1267 1268 
0 
0 
3 1138 1139 1140 
0 
0 
10 2912 6528 6529 6530 6531 6533 6544 6545 6549 6551 
5 2398 2399 2402 2405 2406 
3 4152 4155 4156 
0 
9 2139 2140 2141 2142 2143 2144 2145 2146 2148 
0 
8 2671 2672 2673 2674 2675 2676 2677 2678 
4 1585 1586 1587 1588 
0 
6 315 317 318 319 320 321 
0 
1 2394 
0 
0 
0 
0 
0 
0 
12 700 701 702 703 704 705 706 707 709 710 712 713 
2 1121 1122 
0 
3 1215 1216 1217 
9 2855 2856 2857 2858 2859 2860 2861 2862 2867 
0 
0 
9 4295 4296 4297 4298 4299 4300 4301 4302 4303 
0 
1 1811 
1 1976 
2 1089 1090 
1 5994 
0 
0 
5 6353 6355 6356 6357 6360 
2 897 898 
2 996 997 
7 3417 3419 3420 3421 3422 3423 3427 
1 6507 
0 
0 
3 1185 1186 1187 
9 2855 2856 2857 2858 2859 2860 2861 2862 2867 
0 
0 
8 2671 2672 2673 2674 2675 2676 2677 2678 
0 
0 
0 
0 
3 3304 3309 3310 
1 4548 
0 
10 2944 2945 2946 2947 2948 2949 2950 2951 2952 2953 
0 
25 3238 3239 3240 3242 3243 3244 3246 3247 3248 3249 3250 3251 3252 3253 3254 3255 3256 3257 5466 5468 5469 5470 5471 5472 5473 
5 1652 1653 1654 1655 1656 
0 
0 
0 
4 1610 1611 1612 1613 
0 
0 
9 1197 1198 1199 1200 1201 1203 1204 1205 1206 
8 2671 2672 2673 2674 2675 2676 2677 2678 
3 6065 6511 6512 
0 
0 
6 1271 1272 1273 1274 1275 1276 
0 
16 719 720 721 722 723 724 725 726 728 729 730 731 732 4610 4611 4612 
25 3238 3239 3240 3242 3243 3244 3246 3247 3248 3249 3250 3251 3252 3253 3254 3255 3256 3257 5466 5468 5469 5470 5471 5472 5473 
2 6385 6386 
0 
1 2884 
1 745 
0 
0 
0 
0 
0 
2 3789 3790 
2 2355 2356 
0 
0 
1 4023 
0 
0 
1 6301 
0 
0 
2 1923 1924 
0 
5 4177 4178 4179 4180 4181 
10 2618 4295 4296 4297 4298 4299 4300 4301 4302 4303 
0 
3 3912 5722 5725 
3 2132 2133 2134 
3 4152 4155 4156 
6 6010 6011 6012 6013 6511 6512 
9 6528 6529 6530 6531 6533 6544 6545 6549 6551 
9 6528 6529 6530 6531 6533 6544 6545 6549 6551 
1 1578 
3 2085 2086 2087 
21 3238 3239 3240 3242 3243 3244 3246 3247 3248 3249 3250 3251 3252 3253 3254 3255 3256 3257 3370 3371 3372 
1 2414 
1 2487 
1 1385 
7 1585 1586 1587 1588 4893 4894 4895 
1 189 
34 2771 2772 2773 2774 2775 2776 2777 2778 2779 2780 2781 2782 2783 2784 2785 2786 2787 2788 2789 2790 2791 2792 2793 2794 2795 2797 2798 2802 2803 2805 2806 2807 2808 2809 
0 
9 6177 6178 6179 6180 6181 6182 6183 6184 6185 
2 6511 6512 
8 2671 2672 2673 2674 2675 2676 2677 2678 
0 
2 3454 3455 
2 3462 3464 
22 6212 6213 6214 6215 6216 6217 6218 6219 6220 6221 6222 6223 6224 6225 6226 6227 6228 6229 6230 6231 6232 6233 
0 
0 
0 
5 2719 2720 2721 2722 2723 
6 811 812 813 814 815 816 
11 1396 1397 1398 1399 1400 1401 1402 1403 1404 1405 1406 
0 
1 3876 
0 
22 6212 6213 6214 6215 6216 6217 6218 6219 6220 6221 6222 6223 6224 6225 6226 6227 6228 6229 6230 6231 6232 6233 
0 
0 
1 853 
0 
1 3315 
1 4539 
1 2586 
1 1464 
0 
1 2121 
1 2665 
0 
0 
0 
0 
0 
10 1757 1758 1759 1760 1761 1762 1763 1764 1765 1766 
0 
2 6517 6518 
2 30 31 
0 
4 3738 3739 3740 5667 
7 485 486 487 488 489 490 491 
0 
1 2426 
2 30 31 
5 3449 3450 3451 3452 3453 
0 
4 49 51 52 53 
1 2460 
0 
0 
4 6117 6118 6119 6122 
4 1852 1853 1854 1861 
1 2413 
1 903 
0 
6 4127 4128 4129 4130 4131 4132 
0 
3 2132 2133 2134 
0 
4 5966 5967 5968 6367 
0 
0 
5 3919 3920 3921 3923 3924 
0 
1 365 
2 4103 4104 
17 2536 2537 2538 2542 2543 2544 2545 2546 2547 2548 2549 2550 2551 5192 5193 5194 5195 
0 
7 1890 1891 1896 1897 1898 1899 1900 
0 
0 
0 
0 
0 
0 
0 
1 3634 
0 
6 1323 1324 1325 1326 1327 1328 
0 
0 
0 
0 
2 1819 1820 
2 1450 1451 
2 3752 3753 
0 
0 
18 3238 3239 3240 3242 3243 3244 3246 3247 3248 3249 3250 3251 3252 3253 3254 3255 3256 3257 
0 
0 
1 2460 
1 780 
0 
2 1675 1676 
1 6121 
2 2480 2481 
3 754 755 756 
1 1634 
0 
0 
0 
1 2486 
0 
0 
13 162 2559 2560 2561 2562 2563 2564 2565 2566 2567 2568 2569 2570 
3 3949 3950 3951 
1 780 
3 1769 1770 1771 
0 
3 1769 1770 1771 
3 2043 2044 2045 
3 2742 2743 2744 
2 2882 2883 
0 
2 1956 5051 
0 
0 
0 
0 
0 
1 55 
2 5604 5605 
35 2771 2772 2773 2774 2775 2776 2777 2778 2779 2780 2781 2782 2783 2784 2785 2786 2787 2788 2789 2790 2791 2792 2793 2794 2795 2797 2798 2802 2803 2805 2806 2807 2808 2809 3326 
5 2398 2399 2402 2405 2406 
10 1033 1034 1035 1036 1037 1038 1039 1040 1041 1042 
0 
0 
0 
0 
0 
0 
0 
0 
7 485 486 487 488 489 490 491 
5 2025 2026 2028 2029 2030 
0 
1 2287 
0 
0 
0 
2 6511 6512 
0 
2 30 31 
9 3102 3103 3104 3105 3106 3107 3108 3109 3110 
3 4152 4155 4156 
12 2559 2560 2561 2562 2563 2564 2565 2566 2567 2568 2569 2570 
0 
0 
0 
0 
1 1114 
0 
2 398 399 
0 
1 1212 
5 1079 1080 1081 1083 1084 
3 2043 2044 2045 
0 
1 2543 
0 
2 2552 2553 
5 3224 3225 3226 3227 3228 
0 
1 5075 
5 2479 2480 2481 5173 5174 
0 
1 3675 
0 
0 
0 
0 
0 
1 2806 
1 1694 
0 
2 512 513 
2 1230 1231 
4 1892 1893 1894 1895 
0 
1 2510 
0 
19 1250 1251 1252 1253 1254 1255 1256 1257 1258 1259 1260 1261 1262 1263 1264 1265 1266 1267 1268 
3 1410 1411 1412 
3 6504 6505 6506 
6 811 812 813 814 815 816 
6 1855 1856 1857 1858 1859 1860 
6 1714 2912 2931 2941 2942 2963 
0 
0 
1 1956 
3 3322 3323 3324 
0 
0 
0 
0 
0 
0 
0 
2 1666 1667 
0 
1 1100 
0 
0 
0 
0 
0 
0 
1 2799 
0 
0 
17 6432 6433 6434 6435 6436 6437 6438 6439 6440 6441 6442 6443 6444 6445 6446 6447 6448 
1 2414 
0 
2 727 4613 
0 
2 1748 1749 
0 
23 1223 1224 1225 1226 1227 1228 1229 1232 1233 1234 1235 1236 1237 1238 1239 1240 1241 1242 1243 4792 4793 4795 4796 
1 2603 
8 2671 2672 2673 2674 2675 2676 2677 2678 
8 2671 2672 2673 2674 2675 2676 2677 2678 
1 2316 
9 2139 2140 2141 2142 2143 2144 2145 2146 2148 
2 2089 2090 
2 1183 1184 
3 1218 1219 1220 
0 
1 2129 
0 
1 4193 
18 3238 3239 3240 3242 3243 3244 3246 3247 3248 3249 3250 3251 3252 3253 3254 3255 3256 3257 
0 
0 
0 
0 
5 3449 3450 3451 3452 3453 
0 
0 
0 
3 1218 1219 1220 
0 
1 1364 
0 
0 
0 
0 
5 2912 2931 2941 2942 2963 
0 
0 
1 2806 
3 2043 2044 2045 
0 
1 6301 
1 3278 
2 1701 1703 
0 
6 446 6353 6355 6356 6357 6360 
0 
0 
0 
1 2645 
0 
16 2760 2761 2762 2763 2764 2765 2766 2767 2768 2769 5313 5314 5315 5316 5317 5318 
2 1584 4891 
23 1223 1224 1225 1226 1227 1228 1229 1232 1233 1234 1235 1236 1237 1238 1239 1240 1241 1242 1243 4792 4793 4795 4796 
0 
0 
2 6553 6554 
3 2653 2654 2655 
2 30 31 
5 35 36 37 38 39 
2 44 45 
0 
2 3752 3753 
4 4089 4090 4091 4092 
0 
6 2011 2012 2013 2014 2015 2016 
0 
34 2771 2772 2773 2774 2775 2776 2777 2778 2779 2780 2781 2782 2783 2784 2785 2786 2787 2788 2789 2790 2791 2792 2793 2794 2795 2797 2798 2802 2803 2805 2806 2807 2808 2809 
3 3949 3950 3951 
0 
0 
8 2589 2591 2592 2593 2594 2595 2596 2597 
0 
3 4245 4246 4247 
5 2525 2526 2532 2533 6115 
1 1423 
0 
14 2176 2177 2178 2179 2180 2181 2182 2183 2184 2185 2186 2187 2188 2189 
0 
4 547 548 549 550 
12 2368 2369 2370 2371 2372 2373 2374 2375 2376 2377 2380 2390 
0 
4 1610 1611 1612 1613 
1 2981 
5 6270 6271 6272 6273 6274 
1 772 
5 2398 2399 2402 2405 2406 
3 1215 1216 1217 
6 4127 4128 4129 4130 4131 4132 
0 
0 
0 
2 1636 4904 
0 
0 
6 1293 1294 1295 1296 4810 4811 
2 4052 4053 
0 
0 
9 2855 2856 2857 2858 2859 2860 2861 2862 2867 
3 754 755 756 
13 719 720 721 722 723 724 725 726 728 729 730 731 732 
0 
0 
11 1000 1001 1002 1003 1004 1005 1006 1007 1008 1009 1010 
10 1033 1034 1035 1036 1037 1038 1039 1040 1041 1042 
0 
1 1685 
0 
0 
10 2706 2855 2856 2857 2858 2859 2860 2861 2862 2867 
0 
10 2944 2945 2946 2947 2948 2949 2950 2951 2952 2953 
0 
1 4308 
2 3036 3037 
0 
0 
0 
0 
0 
0 
0 
1 6507 
6 1323 1324 1325 1326 1327 1328 
1 1707 
7 1855 1856 1857 1858 1859 1860 2722 
0 
0 
0 
0 
4 1496 4864 4867 4868 
0 
2 2089 2090 
0 
5 6270 6271 6272 6273 6274 
34 2771 2772 2773 2774 2775 2776 2777 2778 2779 2780 2781 2782 2783 2784 2785 2786 2787 2788 2789 2790 2791 2792 2793 2794 2795 2797 2798 2802 2803 2805 2806 2807 2808 2809 
1 3850 
0 
1 4642 
0 
18 4196 4197 4201 4202 4203 4204 4205 4206 4207 4208 4209 4210 4212 4213 4214 4215 4216 4217 
0 
18 3238 3239 3240 3242 3243 3244 3246 3247 3248 3249 3250 3251 3252 3253 3254 3255 3256 3257 
3 1215 1216 1217 
0 
0 
2 6511 6512 
0 
3 3748 3749 3750 
3 2746 2747 4370 
3 3304 3309 3310 
2 6123 6124 
1 97 
0 
0 
1 1438 
0 
0 
5 6353 6355 6356 6357 6360 
1 1366 
0 
0 
0 
12 2368 2369 2370 2371 2372 2373 2374 2375 2376 2377 2380 2390 
0 
0 
1 2117 
0 
1 2287 
0 
3 4152 4155 4156 
0 
0 
0 
3 2599 2600 2601 
0 
0 
0 
0 
0 
20 1250 1251 1252 1253 1254 1255 1256 1257 1258 1259 1260 1261 1262 1263 1264 1265 1266 1267 1268 2777 
0 
0 
0 
4 1131 1132 1133 1134 
0 
1 1636 
0 
8 1989 1990 1991 1992 1993 1994 1995 1996 
0 
0 
0 
0 
3 3024 3025 3026 
1 2364 
0 
9 1313 1314 1315 4813 4814 4815 4816 4817 4824 
0 
8 2671 2672 2673 2674 2675 2676 2677 2678 
0 
1 237 
1 4397 
1 55 
9 485 486 487 488 489 490 491 1080 1081 
3 4267 4268 4269 
0 
0 
3 3949 3950 3951 
10 2760 2761 2762 2763 2764 2765 2766 2767 2768 2769 
0 
0 
2 5060 6367 
0 
33 2286 2287 2288 2291 2292 2299 2301 2302 2304 2305 2306 2307 2308 2309 2310 2311 2322 2323 2324 2325 2326 2327 2328 2329 2330 2331 2332 2333 2334 2335 2336 2337 2340 
9 6528 6529 6530 6531 6533 6544 6545 6549 6551 
8 2671 2672 2673 2674 2675 2676 2677 2678 
0 
0 
0 
4 819 4646 4647 4648 
8 2671 2672 2673 2674 2675 2676 2677 2678 
5 2912 2931 2941 2942 2963 
1 1884 
1 2852 
1 4050 
0 
10 1033 1034 1035 1036 1037 1038 1039 1040 1041 1042 
2 1866 1867 
8 6092 6093 6094 6095 6096 6097 6099 6100 
0 
2 3411 3412 
1 2287 
3 2043 2044 2045 
0 
34 2771 2772 2773 2774 2775 2776 2777 2778 2779 2780 2781 2782 2783 2784 2785 2786 2787 2788 2789 2790 2791 2792 2793 2794 2795 2797 2798 2802 2803 2805 2806 2807 2808 2809 
4 2832 2833 2900 2903 
2 30 31 
0 
0 
0 
2 1701 1703 
1 2853 
0 
6 811 812 813 814 815 816 
2 2841 2842 
0 
0 
0 
4 3115 3116 3117 3118 
1 6121 
0 
34 2771 2772 2773 2774 2775 2776 2777 2778 2779 2780 2781 2782 2783 2784 2785 2786 2787 2788 2789 2790 2791 2792 2793 2794 2795 2797 2798 2802 2803 2805 2806 2807 2808 2809 
0 
0 
2 6517 6518 
1 6352 
0 
6 3172 3173 3174 3175 3176 3177 
0 
0 
0 
0 
0 
19 2176 2177 2178 2179 2180 2181 2182 2183 2184 2185 2186 2187 2188 2189 5102 5103 5104 5105 5106 
5 6028 6029 6030 6522 6523 
5 1652 1653 1654 1655 1656 
2 3047 5416 
0 
0 
0 
0 
3 6174 6175 6176 
0 
3 2033 2037 2038 
9 2855 2856 2857 2858 2859 2860 2861 2862 2867 
0 
0 
2 6517 6518 
0 
0 
2 2800 2801 
0 
1 819 
0 
19 1250 1251 1252 1253 1254 1255 1256 1257 1258 1259 1260 1261 1262 1263 1264 1265 1266 1267 1268 
2 2679 2682 
12 2368 2369 2370 2371 2372 2373 2374 2375 2376 2377 2380 2390 
0 
0 
0 
2 3817 3818 
1 3907 
0 
0 
4 1736 1737 1738 1739 
0 
0 
0 
6 6010 6011 6012 6013 6511 6512 
38 2227 2228 2229 2230 2231 2232 2233 2241 2245 2251 2252 2253 2254 2255 2263 2264 2265 2266 2267 2269 2275 2276 2300 2350 2353 2359 2360 2361 2365 2366 2378 2379 2392 2393 2394 2395 2396 2397 
0 
3 3541 3542 3543 
10 2944 2945 2946 2947 2948 2949 2950 2951 2952 2953 
6 1855 1856 1857 1858 1859 1860 
0 
0 
0 
0 
1 6319 
6 472 473 474 475 481 482 
1 4307 
1 882 
0 
0 
1 3202 
0 
0 
6 1855 1856 1857 1858 1859 1860 
0 
1 4275 
2 44 45 
0 
0 
9 2855 2856 2857 2858 2859 2860 2861 2862 2867 
4 1110 1111 1112 1113 
18 667 669 671 672 673 674 675 676 677 678 679 680 681 682 683 684 685 686 
0 
0 
0 
0 
0 
0 
0 
0 
2 30 31 
0 
0 
8 6092 6093 6094 6095 6096 6097 6099 6100 
1 2191 
3 1332 1333 1334 
0 
9 2855 2856 2857 2858 2859 2860 2861 2862 2867 
5 2912 2931 2941 2942 2963 
9 3102 3103 3104 3105 3106 3107 3108 3109 3110 
0 
0 
38 2227 2228 2229 2230 2231 2232 2233 2241 2245 2251 2252 2253 2254 2255 2263 2264 2265 2266 2267 2269 2275 2276 2300 2350 2353 2359 2360 2361 2365 2366 2378 2379 2392 2393 2394 2395 2396 2397 
0 
0 
1 870 
2 2634 2635 
19 667 669 671 672 673 674 675 676 677 678 679 680 681 682 683 684 685 686 2948 
0 
0 
0 
0 
0 
1 1955 
1 3763 
3 1021 1022 2956 
1 2627 
1 772 
2 1632 1633 
19 1250 1251 1252 1253 1254 1255 1256 1257 1258 1259 1260 1261 1262 1263 1264 1265 1266 1267 1268 
1 2467 
4 3032 3033 3034 3035 
0 
9 6528 6529 6530 6531 6533 6544 6545 6549 6551 
1 727 
0 
1 6313 
0 
2 2900 2903 
3 1563 1564 1565 
0 
1 1126 
0 
0 
2 1543 1544 
0 
1 3850 
0 
10 6534 6535 6536 6537 6538 6539 6540 6541 6542 6543 
0 
9 3102 3103 3104 3105 3106 3107 3108 3109 3110 
0 
5 6353 6355 6356 6357 6360 
0 
2 2152 2153 
3 3024 3025 3026 
1 1153 
6 472 473 474 475 481 482 
6 3172 3173 3174 3175 3176 3177 
5 1616 1617 1618 1619 1620 
0 
0 
0 
1 4274 
0 
1 2996 
0 
0 
2 97 2999 
1 568 
2 3001 3002 
2 30 31 
0 
1 2884 
0 
0 
0 
1 2474 
0 
0 
0 
1 727 
1 1322 
0 
0 
1 6098 
0 
0 
6 6010 6011 6012 6013 6511 6512 
0 
0 
3 3024 3025 3026 
2 2692 3023 
0 
5 3293 3294 3295 3296 3297 
0 
1 6155 
0 
0 
3 6174 6175 6176 
0 
2 6369 6370 
14 2176 2177 2178 2179 2180 2181 2182 2183 2184 2185 2186 2187 2188 2189 
1 779 
0 
0 
1 508 
0 
0 
0 
0 
0 
8 2671 2672 2673 2674 2675 2676 2677 2678 
0 
0 
0 
9 3102 3103 3104 3105 3106 3107 3108 3109 3110 
0 
2 246 1908 
0 
10 1087 2139 2140 2141 2142 2143 2144 2145 2146 2148 
3 4152 4155 4156 
1 3053 
0 
0 
0 
1 2216 
4 2061 2062 2063 2073 
1 4160 
0 
18 3238 3239 3240 3242 3243 3244 3246 3247 3248 3249 3250 3251 3252 3253 3254 3255 3256 3257 
3 1215 1216 1217 
0 
2 3047 5416 
0 
1 32 
0 
0 
14 2176 2177 2178 2179 2180 2181 2182 2183 2184 2185 2186 2187 2188 2189 
0 
1 3071 
2 6144 6145 
2 1305 1306 
0 
0 
0 
0 
0 
0 
1 3018 
1 819 
0 
0 
7 3281 3282 3283 3284 3285 3286 3287 
0 
20 3238 3239 3240 3242 3243 3244 3246 3247 3248 3249 3250 3251 3252 3253 3254 3255 3256 3257 3877 3878 
0 
0 
0 
0 
0 
2 6361 6362 
2 1027 1028 
0 
0 
0 
0 
5 3293 3294 3295 3296 3297 
1 1423 
0 
3 4152 4155 4156 
1 6159 
8 3103 3104 3105 3106 3107 3108 3109 3110 
0 
19 1250 1251 1252 1253 1254 1255 1256 1257 1258 1259 1260 1261 1262 1263 1264 1265 1266 1267 1268 
0 
0 
11 1657 1658 1659 1660 1661 1662 1663 1664 4915 4916 4917 
11 4329 4330 4331 4332 4333 4334 4335 4336 4337 4338 4339 
0 
0 
2 6369 6370 
0 
0 
5 6353 6355 6356 6357 6360 
0 
1 779 
2 3817 3818 
4 2033 2037 2038 5068 
1 1364 
1 6502 
1 4627 
1 2467 
2 1172 1173 
0 
0 
2 6369 6370 
2 6369 6370 
0 
3 2043 2044 2045 
0 
1 1210 
7 485 486 487 488 489 490 491 
0 
0 
8 2671 2672 2673 2674 2675 2676 2677 2678 
0 
0 
2 1290 2799 
0 
8 2589 2591 2592 2593 2594 2595 2596 2597 
4 1585 1586 1587 1588 
0 
0 
0 
2 6522 6523 
0 
1 3009 
13 700 701 702 703 704 705 706 707 709 710 712 713 1678 
0 
0 
5 1852 1853 1854 1861 3152 
2 30 31 
3 2539 2540 2541 
0 
10 2671 2672 2673 2674 2675 2676 2677 2678 3156 3157 
3 1593 1596 1597 
5 2912 2931 2941 2942 2963 
0 
0 
6 2444 2445 2446 2448 2449 2450 
0 
0 
2 1949 1954 
0 
2 3604 3605 
1 5422 
0 
0 
6 178 179 180 181 182 184 
0 
1 4050 
1 165 
2 1208 1209 
10 2944 2945 2946 2947 2948 2949 2950 2951 2952 2953 
0 
0 
1 6155 
0 
1 3765 
35 2771 2772 2773 2774 2775 2776 2777 2778 2779 2780 2781 2782 2783 2784 2785 2786 2787 2788 2789 2790 2791 2792 2793 2794 2795 2797 2798 2802 2803 2805 2806 2807 2808 2809 3326 
0 
0 
0 
0 
0 
0 
5 3224 3225 3226 3227 3228 
0 
3 4152 4155 4156 
1 6359 
0 
0 
0 
1 2529 
0 
0 
2 6159 6160 
1 6302 
6 4127 4128 4129 4130 4131 4132 
1 2529 
1 3199 
0 
9 1197 1198 1199 1200 1201 1203 1204 1205 1206 
0 
0 
6 6044 6045 6046 6047 6048 6049 
1 1884 
1 2117 
0 
0 
0 
0 
2 1160 6503 
1 222 
0 
1 4304 
1 3211 
3 4267 4268 4269 
0 
10 1033 1034 1035 1036 1037 1038 1039 1040 1041 1042 
1 1423 
2 2169 2170 
4 1852 1853 1854 1861 
1 1114 
0 
0 
4 3224 3225 3226 3228 
0 
10 1757 1758 1759 1760 1761 1762 1763 1764 1765 1766 
0 
0 
0 
1 222 
0 
8 6092 6093 6094 6095 6096 6097 6099 6100 
0 
0 
3 1215 1216 1217 
12 1033 1034 1035 1036 1037 1038 1039 1040 1041 1042 4708 4709 
0 
0 
1 1153 
1 2853 
0 
0 
3 3058 3059 3060 
0 
0 
0 
0 
20 1223 1224 1225 1226 1227 1228 1229 1232 1233 1234 1235 1236 1237 1238 1239 1240 1241 1242 1243 5288 
0 
2 1450 1451 
0 
0 
0 
0 
0 
1 2799 
0 
1 1956 
0 
0 
5 1729 1730 1731 1732 1733 
5 1668 1669 1670 1671 1672 
6 472 473 474 475 481 482 
1 1694 
14 3724 3725 3726 3727 3728 3729 3730 3731 3732 3733 3734 3735 3736 3737 
0 
6 1517 1518 1519 1520 1521 1522 
0 
0 
3 3322 3323 3324 
7 485 486 487 488 489 490 491 
3 2599 2600 2601 
0 
0 
8 2671 2672 2673 2674 2675 2676 2677 2678 
0 
2 1475 1476 
2 543 544 
1 3288 
2 1121 1122 
0 
0 
0 
1 165 
0 
0 
0 
0 
0 
3 6174 6175 6176 
0 
2 3485 3486 
0 
0 
2 1450 1451 
0 
0 
7 485 486 487 488 489 490 491 
1 1210 
0 
1 311 
8 3417 3419 3420 3421 3422 3423 3427 6367 
8 2589 2591 2592 2593 2594 2595 2596 2597 
2 122 123 
1 3850 
0 
9 1375 1376 1377 1378 1379 1380 1381 1382 1383 
0 
0 
0 
0 
0 
0 
2 6200 6201 
2 4052 4053 
1 6121 
2 2527 2528 
3 4152 4155 4156 
0 
27 667 669 671 672 673 674 675 676 677 678 679 680 681 682 683 684 685 686 4596 4597 4598 4599 4600 4601 4603 4604 4605 
1 2869 
0 
1 3961 
10 2944 2945 2946 2947 2948 2949 2950 2951 2952 2953 
0 
5 1869 1870 1873 3330 3331 
0 
3 1313 1314 1315 
4 1361 1362 1363 1365 
0 
0 
4 3901 3902 3903 3904 
0 
2 1089 1090 
0 
0 
4 1215 1216 1217 3341 
1 1707 
1 4304 
2 395 396 
0 
15 2671 2672 2673 2674 2675 2676 2677 2678 5268 5269 5270 5271 5272 5273 5274 
2 1137 1141 
0 
1 2287 
0 
0 
2 6385 6386 
0 
1 6359 
0 
9 4295 4296 4297 4298 4299 4300 4301 4302 4303 
0 
5 3944 3945 3946 3947 3948 
0 
0 
3 1215 1216 1217 
0 
4 2033 2037 2038 5068 
1 1114 
0 
0 
1 2298 
2 1021 1022 
2 2089 2090 
0 
0 
3 4190 4191 4192 
17 2536 2537 2538 2542 2543 2544 2545 2546 2547 2548 2549 2550 2551 5192 5193 5194 5195 
25 3238 3239 3240 3242 3243 3244 3246 3247 3248 3249 3250 3251 3252 3253 3254 3255 3256 3257 5466 5468 5469 5470 5471 5472 5473 
1 1114 
0 
13 6069 6070 6071 6072 6073 6074 6075 6076 6077 6078 6079 6080 6081 
1 6358 
0 
0 
0 
2 6482 6483 
2 2734 5292 
1 3384 
5 4140 4141 4142 4143 4144 
0 
9 6528 6529 6530 6531 6533 6544 6545 6549 6551 
0 
1 6367 
3 543 544 4537 
2 1464 4852 
1 5277 
0 
3 5890 6144 6145 
0 
0 
0 
0 
3 1428 1429 1430 
1 3432 
0 
0 
0 
1 1142 
2 3478 3479 
0 
23 1223 1224 1225 1226 1227 1228 1229 1232 1233 1234 1235 1236 1237 1238 1239 1240 1241 1242 1243 4792 4793 4795 4796 
0 
1 4035 
0 
0 
3 3024 3025 3026 
0 
3 3416 6144 6145 
0 
3 4123 4124 4125 
2 6144 6145 
4 1071 1072 1073 1074 
0 
2 122 123 
0 
16 719 720 721 722 723 724 725 726 728 729 730 731 732 4610 4611 4612 
1 3461 
8 6092 6093 6094 6095 6096 6097 6099 6100 
0 
0 
0 
1 3912 
0 
0 
3 6125 6126 6127 
0 
0 
4 1786 1787 1788 1789 
0 
2 3454 3455 
0 
0 
0 
1 779 
1 4275 
2 3817 3818 
0 
1 3047 
0 
0 
0 
10 3768 3769 3772 3773 3774 3775 3776 3777 3778 3779 
1 4133 
0 
0 
1 4408 
4 467 6504 6505 6506 
0 
4 1852 1853 1854 1861 
4 3032 3033 3034 3035 
0 
0 
0 
6 1293 1294 1295 1296 4810 4811 
0 
6 2971 2972 2973 2974 2975 2976 
0 
1 100 
3 5182 5183 5184 
2 1866 1867 
1 1805 
19 1223 1224 1225 1226 1227 1228 1229 1232 1233 1234 1235 1236 1237 1238 1239 1240 1241 1242 1243 
1 6507 
0 
0 
4 6117 6118 6119 6122 
0 
2 2882 2883 
0 
3 2043 2044 2045 
0 
0 
2 2253 2254 
2 4371 4372 
1 3278 
0 
6 2971 2972 2973 2974 2975 2976 
0 
0 
9 587 588 589 590 591 592 593 594 595 
0 
0 
3 1769 1770 1771 
3 1410 1411 1412 
1 3491 
0 
0 
0 
23 1223 1224 1225 1226 1227 1228 1229 1232 1233 1234 1235 1236 1237 1238 1239 1240 1241 1242 1243 4792 4793 4795 4796 
0 
0 
4 3444 3445 3446 3447 
1 393 
2 543 544 
0 
0 
1 3057 
0 
0 
1 4274 
3 3795 3796 3797 
6 811 812 813 814 815 816 
0 
1 379 
2 4052 4053 
0 
2 4371 4372 
1 891 
0 
1 6350 
5 1414 1416 1418 1419 1420 
0 
2 6288 6289 
0 
1 3470 
0 
18 667 669 671 672 673 674 675 676 677 678 679 680 681 682 683 684 685 686 
4 2033 2037 2038 5068 
8 1335 1336 1337 1338 1339 1340 1341 1342 
3 4152 4155 4156 
0 
0 
0 
3 2033 2037 2038 
3 1869 1870 1873 
0 
1 4617 
6 1714 2912 2931 2941 2942 2963 
8 6092 6093 6094 6095 6096 6097 6099 6100 
0 
0 
0 
1 1029 
0 
0 
1 692 
0 
14 3724 3725 3726 3727 3728 3729 3730 3731 3732 3733 3734 3735 3736 3737 
2 3545 3546 
0 
0 
0 
1 1531 
0 
0 
6 3552 3553 3554 3555 3556 3557 
0 
1 6154 
0 
2 543 544 
2 6247 6248 
1 3056 
0 
2 6369 6370 
0 
2 4013 5506 
1 3047 
0 
0 
0 
0 
3 1215 1216 1217 
3 3738 3739 3740 
0 
0 
2 1464 4852 
1 1884 
0 
1 2117 
1 2835 
0 
2 30 31 
5 1652 1653 1654 1655 1656 
13 162 2559 2560 2561 2562 2563 2564 2565 2566 2567 2568 2569 2570 
0 
6 472 473 474 475 481 482 
3 3513 3514 3515 
0 
3 6504 6505 6506 
1 3805 
0 
0 
5 1616 1617 1618 1619 1620 
0 
0 
1 1202 
12 1033 1034 1035 1036 1037 1038 1039 1040 1041 1042 4708 4709 
0 
0 
4 3444 3445 3446 3447 
0 
0 
0 
4 3901 3902 3903 3904 
0 
0 
1 3603 
2 30 31 
0 
2 6517 6518 
3 2599 2600 2601 
20 3238 3239 3240 3242 3243 3244 3246 3247 3248 3249 3250 3251 3252 3253 3254 3255 3256 3257 3608 3609 
13 2559 2560 2561 2562 2563 2564 2565 2566 2567 2568 2569 2570 5221 
2 1543 1544 
8 2671 2672 2673 2674 2675 2676 2677 2678 
0 
0 
3 544 3454 3455 
0 
0 
19 1223 1224 1225 1226 1227 1228 1229 1232 1233 1234 1235 1236 1237 1238 1239 1240 1241 1242 1243 
0 
1 1176 
0 
5 2354 2355 2356 2357 2358 
0 
34 2771 2772 2773 2774 2775 2776 2777 2778 2779 2780 2781 2782 2783 2784 2785 2786 2787 2788 2789 2790 2791 2792 2793 2794 2795 2797 2798 2802 2803 2805 2806 2807 2808 2809 
6 2894 2895 3624 3625 3626 3627 
2 44 45 
0 
0 
3 3738 3739 3740 
2 1121 1122 
0 
1 3658 
0 
1 1976 
3 6101 6103 6116 
146 58 59 67 68 69 70 71 72 76 77 78 80 84 85 86 87 88 89 90 91 92 93 96 99 101 104 105 106 107 109 112 113 114 115 116 117 118 119 120 121 130 131 138 139 140 141 142 143 144 145 146 147 148 149 160 161 162 163 167 168 169 170 185 186 187 188 225 226 227 231 232 234 235 236 269 270 271 272 273 274 280 283 284 285 313 327 328 329 330 331 332 364 366 367 368 369 370 371 372 376 377 378 381 383 385 386 389 394 402 403 405 406 407 408 410 411 412 414 415 416 417 418 419 424 425 426 427 428 431 432 433 434 438 440 457 458 459 460 461 462 463 464 465 466 467 469 
0 
1 3521 
1 561 
0 
3 2039 2040 2041 
1 4778 
0 
0 
5 1652 1653 1654 1655 1656 
1 972 
1 4006 
0 
0 
9 1313 1314 1315 4813 4814 4815 4816 4817 4824 
0 
2 3047 5416 
3 1218 1219 1220 
0 
0 
9 2855 2856 2857 2858 2859 2860 2861 2862 2867 
1 867 
0 
0 
9 2855 2856 2857 2858 2859 2860 2861 2862 2867 
0 
0 
1 390 
0 
1 2058 
0 
1 3823 
0 
0 
0 
0 
3 2039 2040 2041 
0 
5 1652 1653 1654 1655 1656 
0 
2 6517 6518 
2 3647 3648 
0 
0 
4 3795 3796 3797 5683 
2 3839 3840 
0 
0 
0 
8 2671 2672 2673 2674 2675 2676 2677 2678 
10 2944 2945 2946 2947 2948 2949 2950 2951 2952 2953 
0 
0 
0 
0 
7 3417 3419 3420 3421 3422 3423 3427 
0 
1 1214 
3 1410 1411 1412 
0 
5 1558 1559 1560 1561 1562 
1 2042 
1 3527 
1 3765 
2 6385 6386 
0 
0 
0 
5 1558 1559 1560 1561 1562 
6 1855 1856 1857 1858 1859 1860 
5 2074 2075 2076 2077 2078 
0 
5 1652 1653 1654 1655 1656 
1 1805 
5 1616 1617 1618 1619 1620 
3 3949 3950 3951 
0 
0 
9 2855 2856 2857 2858 2859 2860 2861 2862 2867 
3 2964 2965 2966 
1 1114 
1 160 
9 2855 2856 2857 2858 2859 2860 2861 2862 2867 
5 1414 1416 1418 1419 1420 
0 
1 1364 
3 1543 1544 3721 
1 373 
9 2855 2856 2857 2858 2859 2860 2861 2862 2867 
7 2894 2895 3623 3624 3625 3626 3627 
0 
3 1685 4930 4931 
0 
0 
0 
13 2100 2101 2102 2104 2105 2109 2110 2111 2112 2113 2114 2115 2116 
5 2912 2931 2941 2942 2963 
3 2599 2600 2601 
0 
4 3444 3445 3446 3447 
1 3492 
1 3765 
1 4611 
0 
1 3739 
4 3444 3445 3446 3447 
2 5557 5558 
0 
0 
0 
0 
0 
0 
5 4261 4262 4263 4264 4265 
0 
5 308 309 3304 3309 3310 
1 4307 
2 3746 3747 
2 1121 1122 
9 1313 1314 1315 4813 4814 4815 4816 4817 4824 
0 
7 781 782 783 784 785 786 787 
0 
0 
3 4405 4406 4407 
0 
0 
0 
1 1804 
0 
0 
14 3724 3725 3726 3727 3728 3729 3730 3731 3732 3733 3734 3735 3736 3737 
0 
1 1464 
1 1805 
14 2176 2177 2178 2179 2180 2181 2182 2183 2184 2185 2186 2187 2188 2189 
6 1323 1324 1325 1326 1327 1328 
0 
0 
0 
0 
3 3759 3760 3761 
0 
0 
0 
0 
1 2896 
0 
2 3783 3784 
0 
0 
1 3786 
1 2884 
2 30 31 
5 35 36 37 38 39 
0 
0 
0 
0 
9 2855 2856 2857 2858 2859 2860 2861 2862 2867 
1 2907 
6 2112 2113 3901 3902 3903 3904 
4 3901 3902 3903 3904 
18 4196 4197 4201 4202 4203 4204 4205 4206 4207 4208 4209 4210 4212 4213 4214 4215 4216 4217 
0 
0 
0 
0 
2 6312 6320 
0 
5 2912 2931 2941 2942 2963 
1 773 
1 753 
0 
1 4253 
1 2129 
0 
0 
0 
6 1323 1324 1325 1326 1327 1328 
0 
0 
5 6028 6029 6030 6522 6523 
3 6125 6126 6127 
0 
0 
0 
6 472 473 474 475 481 482 
19 1223 1224 1225 1226 1227 1228 1229 1232 1233 1234 1235 1236 1237 1238 1239 1240 1241 1242 1243 
10 3690 3691 3692 3694 3695 3696 3697 3698 3699 3700 
1 2835 
0 
1 5994 
0 
0 
2 6369 6370 
0 
0 
4 3444 3445 3446 3447 
0 
1 780 
10 6466 6467 6468 6470 6471 6472 6473 6474 6475 6476 
0 
0 
0 
0 
0 
12 2368 2369 2370 2371 2372 2373 2374 2375 2376 2377 2380 2390 
6 811 812 813 814 815 816 
1 2487 
1 6155 
4 1750 1751 1752 1753 
0 
0 
8 6092 6093 6094 6095 6096 6097 6099 6100 
0 
6 1271 1272 1273 1274 1275 1276 
1 3852 
2 30 31 
0 
0 
0 
2 3478 3479 
1 1210 
14 2176 2177 2178 2179 2180 2181 2182 2183 2184 2185 2186 2187 2188 2189 
10 2944 2945 2946 2947 2948 2949 2950 2951 2952 2953 
0 
0 
0 
0 
3 1183 1184 2608 
0 
2 6522 6523 
0 
0 
0 
0 
0 
0 
1 6153 
0 
0 
1 2835 
0 
1 1634 
0 
5 35 36 37 38 39 
0 
3 1183 1184 2608 
0 
1 1907 
0 
0 
0 
0 
2 360 361 
4 4094 4095 4096 4099 
0 
1 4274 
3 3894 3895 3896 
2 30 31 
5 35 36 37 38 39 
2 44 45 
0 
4 605 606 607 608 
4 467 6504 6505 6506 
0 
0 
0 
3 3795 3796 3797 
0 
1 3906 
0 
0 
2 30 31 
5 35 36 37 38 39 
3 3908 3909 3911 
1 4253 
35 2771 2772 2773 2774 2775 2776 2777 2778 2779 2780 2781 2782 2783 2784 2785 2786 2787 2788 2789 2790 2791 2792 2793 2794 2795 2797 2798 2802 2803 2805 2806 2807 2808 2809 3326 
0 
0 
0 
9 587 588 589 590 591 592 593 594 595 
0 
0 
0 
2 134 135 
0 
0 
0 
0 
0 
2 3478 3479 
1 6098 
3 1543 1544 3929 
3 1543 1544 2032 
1 3850 
10 1215 1216 1217 4784 4785 4786 4787 4788 4789 4790 
3 6141 6142 6143 
1 1683 
0 
0 
0 
0 
1 3018 
0 
0 
2 662 663 
1 55 
3 3322 3323 3324 
2 849 850 
0 
0 
0 
1 6088 
0 
0 
9 2855 2856 2857 2858 2859 2860 2861 2862 2867 
0 
0 
2 510 511 
0 
1 1105 
1 2835 
0 
11 2855 2856 2857 2858 2859 2860 2861 2862 2867 5868 5869 
3 5934 6290 6291 
0 
2 122 123 
0 
35 2306 2771 2772 2773 2774 2775 2776 2777 2778 2779 2780 2781 2782 2783 2784 2785 2786 2787 2788 2789 2790 2791 2792 2793 2794 2795 2797 2798 2802 2803 2805 2806 2807 2808 2809 
0 
0 
0 
2 1183 1184 
0 
1 2572 
0 
0 
0 
0 
0 
0 
23 1223 1224 1225 1226 1227 1228 1229 1232 1233 1234 1235 1236 1237 1238 1239 1240 1241 1242 1243 4792 4793 4795 4796 
3 1313 1314 1315 
5 2912 2931 2941 2942 2963 
0 
3 4405 4406 4407 
19 1250 1251 1252 1253 1254 1255 1256 1257 1258 1259 1260 1261 1262 1263 1264 1265 1266 1267 1268 
2 6361 6362 
0 
8 207 208 4410 4411 4412 4417 4418 4419 
12 2368 2369 2370 2371 2372 2373 2374 2375 2376 2377 2380 2390 
6 472 473 474 475 481 482 
1 1107 
1 2796 
33 2855 2856 2857 2858 2859 2860 2861 2862 2867 5340 5342 5343 5344 5345 5348 5349 5350 5351 5352 5353 5354 5355 5356 5357 5358 5359 5360 5361 5362 5363 5364 5365 5366 
24 3355 3356 3357 3358 3359 3360 3361 3362 3363 3364 3365 3366 3367 3368 3369 3370 3371 3372 3373 3374 3375 3376 5496 5497 
0 
0 
1 1695 
0 
0 
0 
0 
0 
2 3047 5416 
5 2525 2526 2532 2533 6115 
1 4003 
2 30 31 
0 
8 6092 6093 6094 6095 6096 6097 6099 6100 
1 734 
0 
2 30 31 
0 
3 4305 4306 4307 
0 
0 
7 3417 3419 3420 3421 3422 3423 3427 
5 3224 3225 3226 3227 3228 
1 779 
0 
1 1584 
0 
18 3238 3239 3240 3242 3243 3244 3246 3247 3248 3249 3250 3251 3252 3253 3254 3255 3256 3257 
0 
5 3845 3846 3847 3848 3849 
0 
0 
0 
10 1033 1034 1035 1036 1037 1038 1039 1040 1041 1042 
0 
0 
0 
0 
10 2944 2945 2946 2947 2948 2949 2950 2951 2952 2953 
0 
1 1562 
0 
0 
10 1033 1034 1035 1036 1037 1038 1039 1040 1041 1042 
1 3658 
2 1627 1628 
0 
1 4040 
0 
3 3167 4039 4040 
0 
0 
1 2535 
0 
0 
0 
1 4304 
0 
6 1271 1272 1273 1274 1275 1276 
0 
1 6121 
13 2100 2101 2102 2104 2105 2109 2110 2111 2112 2113 2114 2115 2116 
1 1754 
0 
0 
2 30 31 
5 1668 1669 1670 1671 1672 
1 5142 
5 3224 3225 3226 3227 3228 
0 
0 
1 903 
2 551 552 
5 1499 1500 1501 1502 4870 
0 
5 2912 2931 2941 2942 2963 
2 2130 2131 
0 
3 687 688 689 
0 
0 
7 1566 1567 1568 1569 1570 1571 1572 
0 
0 
0 
8 6092 6093 6094 6095 6096 6097 6099 6100 
4 4089 4090 4091 4092 
0 
2 4081 4082 
0 
0 
1 81 
2 4371 4372 
3 1563 1564 1565 
0 
9 2139 2140 2141 2142 2143 2144 2145 2146 2148 
0 
3 1215 1216 1217 
1 1364 
0 
0 
4 1852 1853 1854 1861 
2 1059 1060 
3 2033 2037 2038 
0 
0 
0 
0 
0 
1 3402 
7 739 740 741 742 743 744 745 
2 6329 6330 
34 2771 2772 2773 2774 2775 2776 2777 2778 2779 2780 2781 2782 2783 2784 2785 2786 2787 2788 2789 2790 2791 2792 2793 2794 2795 2797 2798 2802 2803 2805 2806 2807 2808 2809 
4 687 688 689 4070 
4 1852 1853 1854 1861 
6 1855 1856 1857 1858 1859 1860 
2 2089 2090 
0 
6 2168 2171 2172 2173 2174 2175 
6 4127 4128 4129 4130 4131 4132 
9 6528 6529 6530 6531 6533 6544 6545 6549 6551 
5 2912 2931 2941 2942 2963 
1 1536 
10 3219 3220 3221 3222 3223 3224 3225 3226 3227 3228 
1 1862 
4 60 61 62 63 
4 60 61 62 63 
1 1082 
10 6466 6467 6468 6470 6471 6472 6473 6474 6475 6476 
12 1033 1034 1035 1036 1037 1038 1039 1040 1041 1042 4708 4709 
8 6092 6093 6094 6095 6096 6097 6099 6100 
2 1748 1749 
4 4146 4148 4149 4150 
11 2855 2856 2857 2858 2859 2860 2861 2862 2867 5868 5869 
0 
0 
3 1407 1408 1409 
0 
4 1736 1737 1738 1739 
4 5371 5372 5373 5374 
2 5557 5558 
0 
0 
0 
7 781 782 783 784 785 786 787 
1 4138 
0 
1 3311 
0 
2 1692 1693 
9 2855 2856 2857 2858 2859 2860 2861 2862 2867 
0 
0 
0 
0 
0 
4 2061 2062 2063 2073 
1 3432 
0 
3 1925 1926 1927 
0 
1 2346 
2 1700 6557 
0 
0 
1 1685 
3 3027 3028 3029 
0 
1 1107 
0 
0 
2 6511 6512 
2 30 31 
1 6284 
0 
23 1223 1224 1225 1226 1227 1228 1229 1232 1233 1234 1235 1236 1237 1238 1239 1240 1241 1242 1243 4792 4793 4795 4796 
0 
0 
2 5018 5019 
2 3916 3917 
0 
14 2176 2177 2178 2179 2180 2181 2182 2183 2184 2185 2186 2187 2188 2189 
0 
0 
0 
1 1804 
7 1997 1998 1999 2000 2001 2002 2003 
7 2520 2521 2522 2523 2524 4180 4181 
0 
2 3429 3430 
0 
2 1183 1184 
1 2572 
2 551 552 
0 
2 1772 1773 
3 2043 2044 2045 
0 
1 1283 
5 2912 2931 2941 2942 2963 
33 2286 2287 2288 2291 2292 2299 2301 2302 2304 2305 2306 2307 2308 2309 2310 2311 2322 2323 2324 2325 2326 2327 2328 2329 2330 2331 2332 2333 2334 2335 2336 2337 2340 
0 
0 
2 2938 2939 
0 
0 
0 
0 
0 
0 
0 
0 
0 
9 2139 2140 2141 2142 2143 2144 2145 2146 2148 
1 3209 
2 3507 3508 
0 
2 1121 1122 
0 
5 2912 2931 2941 2942 2963 
0 
0 
1 2943 
3 2159 2160 2161 
0 
7 485 486 487 488 489 490 491 
0 
1 1578 
1 1907 
1 4222 
2 30 31 
1 189 
0 
1 189 
0 
0 
26 2693 2694 2695 2696 2697 2698 2699 2700 2701 2702 2703 2704 2705 2706 2707 2708 2709 2710 2711 2712 2713 2714 2715 2716 2717 2718 
2 551 552 
1 2020 
9 2139 2140 2141 2142 2143 2144 2145 2146 2148 
8 6092 6093 6094 6095 6096 6097 6099 6100 
0 
0 
1 1214 
0 
0 
1 4274 
5 1652 1653 1654 1655 1656 
0 
1 2691 
5 6270 6271 6272 6273 6274 
12 2368 2369 2370 2371 2372 2373 2374 2375 2376 2377 2380 2390 
0 
1 808 
4 1131 1132 1133 1134 
25 3238 3239 3240 3242 3243 3244 3246 3247 3248 3249 3250 3251 3252 3253 3254 3255 3256 3257 5466 5468 5469 5470 5471 5472 5473 
4 1131 1132 1133 1134 
0 
0 
9 4295 4296 4297 4298 4299 4300 4301 4302 4303 
0 
0 
1 3934 
2 4000 4001 
0 
0 
2 4371 4372 
5 2061 2062 2063 2073 6114 
0 
0 
0 
0 
3 1218 1219 1220 
1 3527 
19 2176 2177 2178 2179 2180 2181 2182 2183 2184 2185 2186 2187 2188 2189 5102 5103 5104 5105 5106 
1 6155 
9 2921 2922 2923 2924 2925 2926 2927 2928 2929 
0 
0 
4 3444 3445 3446 3447 
2 4396 4398 
1 1364 
0 
5 1652 1653 1654 1655 1656 
0 
0 
27 2693 2694 2695 2696 2697 2698 2699 2700 2701 2702 2703 2704 2705 2706 2707 2708 2709 2710 2711 2712 2713 2714 2715 2716 2717 2718 4279 
2 30 31 
4 1585 1586 1587 1588 
9 6528 6529 6530 6531 6533 6544 6545 6549 6551 
1 738 
0 
1 2467 
19 1250 1251 1252 1253 1254 1255 1256 1257 1258 1259 1260 1261 1262 1263 1264 1265 1266 1267 1268 
5 1616 1617 1618 1619 1620 
0 
10 2618 4295 4296 4297 4298 4299 4300 4301 4302 4303 
1 2853 
0 
1 4163 
2 6144 6145 
2 2552 2553 
0 
5 945 946 947 949 950 
0 
1 2129 
2 2800 2801 
1 2835 
1 42 
0 
0 
4 3901 3902 3903 3904 
1 715 
0 
0 
0 
5 4218 4219 4220 4221 4222 
2 30 31 
1 1685 
0 
0 
0 
0 
0 
0 
5 2912 2931 2941 2942 2963 
0 
0 
0 
6 1323 1324 1325 1326 1327 1328 
0 
2 1021 1022 
0 
3 1804 4961 4962 
2 6553 6554 
0 
0 
0 
0 
0 
0 
2 1183 1184 
0 
2 2667 2668 
5 3293 3294 3295 3296 3297 
0 
1 4047 
0 
0 
3 3912 5722 5725 
0 
0 
0 
5 2520 2521 2522 2523 2524 
0 
8 6092 6093 6094 6095 6096 6097 6099 6100 
2 3785 3786 
0 
0 
0 
0 
0 
0 
0 
1 1804 
0 
1 3850 
12 2368 2369 2370 2371 2372 2373 2374 2375 2376 2377 2380 2390 
0 
0 
0 
3 1804 4961 4962 
1 4365 
1 2571 
0 
0 
0 
3 4405 4406 4407 
3 3949 3950 3951 
3 322 323 324 
2 3651 3652 
1 735 
0 
0 
4 1852 1853 1854 1861 
11 1033 1034 1035 1036 1037 1038 1039 1040 1041 1042 5314 
9 2855 2856 2857 2858 2859 2860 2861 2862 2867 
1 4903 
0 
2 3490 3491 
0 
8 3551 3552 3553 3554 3555 3556 3557 3558 
0 
0 
1 3506 
2 4388 4389 
0 
0 
3 4152 4155 4156 
1 6503 
1 2287 
9 6528 6529 6530 6531 6533 6544 6545 6549 6551 
1 387 
2 1305 1306 
1 585 
0 
0 
0 
0 
0 
3 1215 1216 1217 
0 
0 
18 3238 3239 3240 3242 3243 3244 3246 3247 3248 3249 3250 3251 3252 3253 3254 3255 3256 3257 
2 6144 6145 
1 6155 
0 
0 
0 
5 944 948 952 953 958 
1 1623 
2 4414 4415 
0 
0 
8 2671 2672 2673 2674 2675 2676 2677 2678 
1 1385 
0 
3 3304 3309 3310 
1 6358 
3 1215 1216 1217 
0 
0 
3 1434 6105 6165 
3 1215 1216 1217 
9 2855 2856 2857 2858 2859 2860 2861 2862 2867 
2 4032 4033 
0 
0 
0 
0 
0 
0 
0 
14 2176 2177 2178 2179 2180 2181 2182 2183 2184 2185 2186 2187 2188 2189 
5 102 1585 1586 1587 1588 
0 
0 
0 
0 
0 
0 
0 
0 
0 
0 
0 
6 1293 1294 1295 1296 4810 4811 
3 3782 3783 3784 
0 
0 
0 
4 3980 3981 3982 3983 
0 
0 
4 3637 3638 3639 3640 
0 
0 
1 5644 
0 
3 954 955 956 
2 3478 3479 
0 
0 
6 1855 1856 1857 1858 1859 1860 
0 
0 
9 2855 2856 2857 2858 2859 2860 2861 2862 2867 
0 
0 
0 
1 3245 
0 
1 1166 
4 2162 2163 2164 2165 
0 
0 
2 3527 3696 
3 334 335 336 
0 
2 3454 3455 
0 
1 365 
0 
0 
2 4487 4488 
2 1806 4488 
0 
0 
0 
0 
5 6353 6355 6356 6357 6360 
3 2479 2480 2481 
0 
0 
0 
0 
1 1598 
0 
0 
12 700 701 702 703 704 705 706 707 709 710 712 713 
0 
0 
0 
1 6187 
1 470 
7 472 473 474 475 481 482 4509 
0 
2 1061 1062 
3 483 484 4511 
0 
0 
5 547 548 549 550 4546 
3 502 4515 4516 
0 
1 6154 
1 3925 
0 
1 3823 
1 2463 
5 2398 2399 2402 2405 2406 
0 
0 
0 
1 4526 
1 1322 
0 
2 1546 1547 
0 
2 4531 4535 
2 3478 3479 
0 
0 
0 
1 6431 
0 
2 543 544 
0 
0 
3 4541 4543 4544 
0 
0 
0 
0 
4 4540 4541 4543 4544 
2 1121 1122 
2 2289 2290 
0 
0 
0 
0 
0 
0 
0 
0 
0 
1 4408 
9 2855 2856 2857 2858 2859 2860 2861 2862 2867 
3 1538 1539 1540 
0 
0 
0 
0 
0 
13 719 720 721 722 723 724 725 726 728 729 730 731 732 
1 773 
0 
1 875 
1 1014 
0 
0 
2 1121 1122 
14 2176 2177 2178 2179 2180 2181 2182 2183 2184 2185 2186 2187 2188 2189 
3 1455 1456 1457 
0 
3 1925 1926 1927 
1 2042 
1 2125 
0 
0 
0 
22 3355 3356 3357 3358 3359 3360 3361 3362 3363 3364 3365 3366 3367 3368 3369 3370 3371 3372 3373 3374 3375 3376 
2 3507 3508 
22 3355 3356 3357 3358 3359 3360 3361 3362 3363 3364 3365 3366 3367 3368 3369 3370 3371 3372 3373 3374 3375 3376 
1 4067 
0 
0 
0 
2 6144 6145 
1 6153 
1 6161 
17 6432 6433 6434 6435 6436 6437 6438 6439 6440 6441 6442 6443 6444 6445 6446 6447 6448 
0 
0 
0 
6 315 317 318 319 320 321 
0 
0 
0 
1 2571 
0 
0 
0 
1 4605 
0 
2 3604 3605 
0 
0 
0 
0 
0 
2 2900 2903 
3 727 849 850 
8 739 740 741 742 743 744 745 4616 
0 
0 
0 
0 
0 
1 3862 
0 
0 
0 
0 
0 
0 
0 
0 
0 
0 
12 781 782 783 784 785 786 787 4632 4633 4634 4635 4636 
0 
0 
3 510 511 4523 
0 
0 
1 1685 
1 1960 
0 
6 1323 1324 1325 1326 1327 1328 
0 
0 
2 1061 1062 
0 
5 6270 6271 6272 6273 6274 
0 
0 
0 
0 
1 2933 
2 1061 1062 
0 
1 3527 
4 849 850 4655 4656 
0 
0 
1 871 
0 
0 
0 
0 
0 
3 4267 4268 4269 
1 780 
0 
0 
0 
1 3121 
0 
3 909 910 3850 
8 1834 1836 1837 1838 1839 1840 1844 1845 
0 
1 924 
0 
1 1153 
1 1126 
2 940 941 
0 
3 4152 4155 4156 
0 
0 
0 
0 
0 
0 
1 1811 
2 1061 1062 
6 6010 6011 6012 6013 6511 6512 
0 
0 
0 
0 
0 
0 
0 
0 
0 
0 
0 
0 
0 
0 
0 
0 
0 
2 3837 3838 
0 
11 1033 1034 1035 1036 1037 1038 1039 1040 1041 1042 4709 
1 2769 
0 
0 
0 
0 
0 
7 1823 1824 1825 1826 1827 1828 1829 
0 
0 
0 
3 3024 3025 3026 
1 3630 
0 
0 
3 4267 4268 4269 
0 
3 1089 1090 4726 
0 
0 
0 
2 1819 1820 
0 
0 
0 
0 
0 
0 
0 
0 
1 2799 
0 
0 
0 
0 
2 1061 1062 
0 
0 
0 
0 
4 1852 1853 1854 1861 
0 
0 
4 1610 1611 1612 1613 
0 
0 
1 6367 
0 
5 1558 1559 1560 1561 1562 
0 
0 
2 1677 1678 
0 
0 
0 
0 
2 4765 4766 
4 322 323 324 1037 
0 
0 
0 
1 3912 
0 
0 
1 1804 
0 
3 1166 4775 4776 
4 1736 1737 1738 1739 
0 
1 1464 
0 
0 
7 781 782 783 784 785 786 787 
0 
5 1961 1962 1963 1964 1965 
4 1066 1067 1068 1069 
1 6121 
0 
1 5159 
0 
0 
5 1652 1653 1654 1655 1656 
3 4245 4246 4247 
0 
22 1223 1224 1225 1226 1227 1228 1229 1232 1233 1234 1235 1236 1237 1238 1239 1240 1241 1242 1243 4793 4795 4796 
4 1852 1853 1854 1861 
0 
0 
1 6557 
0 
0 
0 
1 4801 
0 
2 1496 4803 
0 
0 
0 
0 
3 1285 1701 1703 
0 
0 
0 
0 
0 
0 
0 
0 
0 
7 3417 3419 3420 3421 3422 3423 3427 
6 1316 4819 4820 4821 4822 4823 
0 
0 
0 
1 3658 
0 
0 
0 
3 342 1735 1742 
1 1804 
0 
3 2043 2044 2045 
0 
0 
0 
0 
2 1358 1359 
5 6353 6355 6356 6357 6360 
0 
0 
0 
0 
0 
0 
1 4383 
0 
2 2527 2528 
0 
0 
0 
0 
0 
0 
0 
1 1464 
0 
0 
0 
0 
2 1137 1141 
9 2855 2856 2857 2858 2859 2860 2861 2862 2867 
0 
2 1061 1062 
0 
0 
0 
3 1496 4867 4868 
10 4295 4296 4297 4298 4299 4300 4301 4302 4303 4866 
2 30 31 
1 4455 
0 
0 
0 
0 
0 
0 
0 
0 
1 780 
0 
18 4196 4197 4201 4202 4203 4204 4205 4206 4207 4208 4209 4210 4212 4213 4214 4215 4216 4217 
1 1529 
20 1223 1224 1225 1226 1227 1228 1229 1232 1233 1234 1235 1236 1237 1238 1239 1240 1241 1242 1243 1543 
1 1385 
1 3823 
3 1550 1551 4884 
0 
0 
0 
0 
7 781 782 783 784 785 786 787 
0 
0 
0 
0 
0 
9 2855 2856 2857 2858 2859 2860 2861 2862 2867 
1 4253 
0 
0 
2 1121 1122 
1 1210 
1 1599 
0 
5 1616 1617 1618 1619 1620 
1 2529 
1 1636 
0 
0 
0 
0 
0 
1 4959 
0 
1 1640 
0 
0 
0 
1 4035 
2 1061 1062 
13 2536 2537 2538 2542 2543 2544 2545 2546 2547 2548 2549 2550 2551 
0 
0 
0 
0 
0 
0 
9 2855 2856 2857 2858 2859 2860 2861 2862 2867 
1 4927 
1 6301 
5 3919 3920 3921 3923 3924 
0 
2 1685 4931 
0 
1 1312 
0 
0 
1 4936 
0 
5 1693 1871 1872 4996 4997 
1 1710 
1 1715 
0 
0 
0 
0 
0 
0 
0 
0 
1 5100 
0 
3 6504 6505 6506 
0 
0 
1 4954 
0 
0 
4 3039 3040 3041 3042 
1 1792 
0 
0 
0 
2 1804 4962 
0 
0 
0 
2 4966 4967 
0 
0 
0 
0 
0 
0 
1 1210 
0 
2 998 999 
0 
1 1202 
0 
4 1736 1737 1738 1739 
4 3032 3033 3034 3035 
2 2347 2348 
0 
9 2855 2856 2857 2858 2859 2860 2861 2862 2867 
6 1852 1853 1854 1861 4984 4985 
3 4345 4346 4347 
0 
1 734 
14 2176 2177 2178 2179 2180 2181 2182 2183 2184 2185 2186 2187 2188 2189 
0 
0 
0 
9 2855 2856 2857 2858 2859 2860 2861 2862 2867 
0 
2 4994 4995 
0 
0 
5 1131 1132 1133 1134 4997 
0 
0 
0 
1 1063 
2 4032 4033 
4 1852 1853 1854 1861 
2 1450 1451 
0 
4 1852 1853 1854 1861 
3 3058 3059 3060 
0 
6 4127 4128 4129 4130 4131 4132 
3 5920 5921 5922 
1 6043 
0 
0 
1 5014 
2 2459 2461 
0 
0 
0 
0 
0 
0 
0 
6 1517 1518 1519 1520 1521 1522 
3 5024 5025 5026 
0 
2 1450 1451 
0 
0 
0 
0 
0 
0 
2 3647 3648 
0 
0 
0 
0 
3 2159 2160 2161 
0 
0 
0 
0 
0 
1 6557 
0 
1 5046 
2 30 31 
1 1941 
0 
0 
0 
1 1956 
0 
1 5055 
0 
2 1128 1129 
1 1811 
0 
5 1079 1080 1081 1083 1084 
1 1584 
1 6367 
0 
6 1855 1856 1857 1858 1859 1860 
0 
0 
0 
0 
0 
5 2912 2931 2941 2942 2963 
0 
0 
1 2096 
1 1290 
6 2977 2978 2979 5395 5396 5397 
0 
0 
4 1563 1564 1565 5077 
0 
2 1121 1122 
0 
2 3743 3744 
0 
0 
0 
2 1802 1803 
0 
1 2129 
1 2572 
3 2599 2600 2601 
0 
1 2529 
0 
0 
0 
0 
0 
0 
0 
3 3795 3796 3797 
0 
0 
0 
0 
23 1223 1224 1225 1226 1227 1228 1229 1232 1233 1234 1235 1236 1237 1238 1239 1240 1241 1242 1243 4792 4793 4795 4796 
1 4167 
1 6525 
1 4274 
3 2196 2197 2198 
0 
0 
0 
0 
0 
0 
0 
1 3318 
0 
1 2221 
1 2225 
0 
0 
3 3518 3519 3520 
0 
0 
0 
0 
0 
1 2467 
0 
0 
9 2855 2856 2857 2858 2859 2860 2861 2862 2867 
3 6504 6505 6506 
35 2306 2771 2772 2773 2774 2775 2776 2777 2778 2779 2780 2781 2782 2783 2784 2785 2786 2787 2788 2789 2790 2791 2792 2793 2794 2795 2797 2798 2802 2803 2805 2806 2807 2808 2809 
0 
0 
0 
0 
0 
0 
0 
1 2628 
1 5143 
0 
1 4067 
0 
0 
0 
0 
2 3604 3605 
0 
1 1029 
10 2855 2856 2857 2858 2859 2860 2861 2862 2867 5152 
0 
0 
0 
2 5156 5157 
6 6010 6011 6012 6013 6511 6512 
0 
0 
0 
0 
0 
9 2855 2856 2857 2858 2859 2860 2861 2862 2867 
0 
0 
7 781 782 783 784 785 786 787 
0 
1 4006 
0 
13 2536 2537 2538 2542 2543 2544 2545 2546 2547 2548 2549 2550 2551 
0 
2 1061 1062 
0 
5 754 755 756 2480 5174 
2 30 31 
0 
2 5177 5178 
0 
0 
1 2512 
0 
0 
2 5183 5184 
38 2227 2228 2229 2230 2231 2232 2233 2241 2245 2251 2252 2253 2254 2255 2263 2264 2265 2266 2267 2269 2275 2276 2300 2350 2353 2359 2360 2361 2365 2366 2378 2379 2392 2393 2394 2395 2396 2397 
3 3507 3508 5555 
1 2529 
0 
5 2530 2531 5188 5189 5190 
0 
0 
2 1819 1820 
0 
38 2227 2228 2229 2230 2231 2232 2233 2241 2245 2251 2252 2253 2254 2255 2263 2264 2265 2266 2267 2269 2275 2276 2300 2350 2353 2359 2360 2361 2365 2366 2378 2379 2392 2393 2394 2395 2396 2397 
1 189 
0 
1 1810 
12 2559 2560 2561 2562 2563 2564 2565 2566 2567 2568 2569 2570 
0 
9 2855 2856 2857 2858 2859 2860 2861 2862 2867 
1 1530 
4 3969 3970 3971 3972 
10 3690 3691 3692 3694 3695 3696 3697 3698 3699 3700 
0 
0 
0 
14 2176 2177 2178 2179 2180 2181 2182 2183 2184 2185 2186 2187 2188 2189 
9 2600 6092 6093 6094 6095 6096 6097 6099 6100 
6 1855 1856 1857 1858 1859 1860 
2 3604 3605 
1 265 
0 
2 940 941 
5 1218 1219 1220 2609 5213 
1 1343 
0 
3 1410 1411 1412 
1 1486 
0 
0 
5 2638 2639 2640 2641 5254 
1 3907 
12 2559 2560 2561 2562 2563 2564 2565 2566 2567 2568 2569 2570 
4 3115 3116 3117 3118 
11 2613 2855 2856 2857 2858 2859 2860 2861 2862 2867 5224 
2 1450 1451 
0 
0 
0 
0 
1 4006 
0 
1 5232 
0 
0 
0 
0 
0 
0 
1 4293 
5 3449 3450 3451 3452 3453 
0 
0 
2 6288 6289 
0 
0 
1 4006 
0 
0 
3 2033 2037 2038 
10 2626 2855 2856 2857 2858 2859 2860 2861 2862 2867 
5 2599 2600 2601 5206 5207 
9 2855 2856 2857 2858 2859 2860 2861 2862 2867 
1 1818 
0 
2 1949 1954 
0 
0 
0 
14 2176 2177 2178 2179 2180 2181 2182 2183 2184 2185 2186 2187 2188 2189 
0 
0 
0 
2 5293 5294 
0 
1 6560 
6 4127 4128 4129 4130 4131 4132 
0 
0 
0 
0 
0 
0 
0 
0 
0 
6 6010 6011 6012 6013 6511 6512 
0 
0 
3 6485 6486 6487 
13 2536 2537 2538 2542 2543 2544 2545 2546 2547 2548 2549 2550 2551 
0 
0 
1 3593 
0 
1 2716 
1 3688 
2 6290 6291 
0 
4 1852 1853 1854 1861 
0 
0 
0 
0 
1 5294 
1 1884 
3 1215 1216 1217 
0 
4 1892 1893 1894 1895 
10 1757 1758 1759 1760 1761 1762 1763 1764 1765 1766 
0 
9 4295 4296 4297 4298 4299 4300 4301 4302 4303 
0 
0 
0 
9 2139 2140 2141 2142 2143 2144 2145 2146 2148 
9 2139 2140 2141 2142 2143 2144 2145 2146 2148 
0 
3 5308 5309 5310 
4 3757 3758 5671 5673 
17 2536 2537 2538 2542 2543 2544 2545 2546 2547 2548 2549 2550 2551 5192 5193 5194 5195 
0 
0 
0 
7 781 782 783 784 785 786 787 
10 1033 1034 1035 1036 1037 1038 1039 1040 1041 1042 
0 
6 4127 4128 4129 4130 4131 4132 
2 6372 6373 
2 2485 2486 
0 
0 
1 2799 
2 928 929 
11 1396 1397 1398 1399 1400 1401 1402 1403 1404 1405 1406 
9 2671 2672 2673 2674 2675 2676 2677 2678 2811 
1 1279 
0 
0 
0 
2 1819 1820 
0 
1 4351 
0 
6 3944 3945 3946 3947 3948 5334 
2 3752 3753 
1 1529 
0 
0 
0 
2 2552 2553 
32 2855 2856 2857 2858 2859 2860 2861 2862 2867 5342 5343 5344 5345 5348 5349 5350 5351 5352 5353 5354 5355 5356 5357 5358 5359 5360 5361 5362 5363 5364 5365 5366 
0 
8 6243 6246 6247 6248 6249 6250 6251 6252 
0 
0 
1 3765 
0 
2 3604 3605 
0 
0 
0 
2 3047 5416 
0 
0 
2 1450 1451 
26 2693 2694 2695 2696 2697 2698 2699 2700 2701 2702 2703 2704 2705 2706 2707 2708 2709 2710 2711 2712 2713 2714 2715 2716 2717 2718 
2 3097 6124 
1 6507 
1 6121 
0 
1 5644 
13 2536 2537 2538 2542 2543 2544 2545 2546 2547 2548 2549 2550 2551 
0 
1 112 
0 
2 1949 1954 
0 
1 6484 
0 
1 6560 
9 2855 2856 2857 2858 2859 2860 2861 2862 2867 
3 5372 5373 5374 
0 
0 
1 6560 
19 1250 1251 1252 1253 1254 1255 1256 1257 1258 1259 1260 1261 1262 1263 1264 1265 1266 1267 1268 
0 
0 
1 2897 
0 
2 2218 2220 
2 5382 5383 
0 
0 
0 
0 
0 
0 
10 2944 2945 2946 2947 2948 2949 2950 2951 2952 2953 
0 
0 
0 
1 2443 
9 2855 2856 2857 2858 2859 2860 2861 2862 2867 
0 
5 2977 2978 2979 5396 5397 
0 
0 
1 1438 
2 2169 2170 
9 2855 2856 2857 2858 2859 2860 2861 2862 2867 
0 
0 
7 1566 1567 1568 1569 1570 1571 1572 
0 
2 2998 2999 
5 3000 3001 3002 3003 3004 
0 
0 
0 
2 3478 3479 
0 
1 3521 
0 
2 1061 1062 
0 
0 
6 124 125 126 127 128 129 
0 
2 1189 1804 
3 3058 3059 3060 
0 
10 2944 2945 2946 2947 2948 2949 2950 2951 2952 2953 
0 
1 780 
1 5426 
0 
1 1166 
8 1834 1836 1837 1838 1839 1840 1844 1845 
0 
0 
0 
0 
1 2853 
0 
9 2855 2856 2857 2858 2859 2860 2861 2862 2867 
0 
0 
0 
5 1616 1617 1618 1619 1620 
0 
3 2479 2480 2481 
12 2559 2560 2561 2562 2563 2564 2565 2566 2567 2568 2569 2570 
9 2855 2856 2857 2858 2859 2860 2861 2862 2867 
1 3585 
0 
3 3823 5688 5689 
0 
0 
1 3200 
0 
0 
0 
0 
0 
2 5456 5457 
0 
0 
0 
0 
0 
7 781 782 783 784 785 786 787 
2 6511 6512 
0 
0 
2 4241 4242 
0 
2 1021 1022 
3 1215 1216 1217 
1 5113 
0 
0 
0 
0 
9 944 948 952 953 958 1774 4678 4679 4680 
0 
3 4123 4124 4125 
0 
0 
0 
1 748 
0 
1 3313 
2 551 552 
0 
0 
1 5487 
0 
0 
0 
0 
0 
3 3912 5722 5725 
4 1066 1067 1068 1069 
9 2855 2856 2857 2858 2859 2860 2861 2862 2867 
1 3339 
23 3355 3356 3357 3358 3359 3360 3361 3362 3363 3364 3365 3366 3367 3368 3369 3370 3371 3372 3373 3374 3375 3376 5497 
2 510 511 
1 1636 
0 
3 3949 3950 3951 
0 
0 
2 6372 6373 
4 3411 3412 5506 5507 
0 
3 2043 2044 2045 
3 4039 4040 4041 
1 5509 
0 
0 
0 
0 
2 2289 2290 
0 
0 
0 
0 
1 1804 
0 
0 
0 
0 
3 3442 3443 5524 
0 
0 
0 
0 
2 3454 3455 
1 3457 
1 3466 
0 
0 
0 
0 
1 820 
0 
0 
0 
4 1585 1586 1587 1588 
9 2855 2856 2857 2858 2859 2860 2861 2862 2867 
0 
0 
0 
0 
0 
4 3496 3497 5547 5548 
1 3496 
0 
2 1553 3501 
0 
0 
0 
0 
0 
2 1918 1919 
3 754 755 756 
1 5558 
0 
0 
0 
0 
0 
0 
0 
0 
2 1061 1062 
0 
0 
35 2771 2772 2773 2774 2775 2776 2777 2778 2779 2780 2781 2782 2783 2784 2785 2786 2787 2788 2789 2790 2791 2792 2793 2794 2795 2797 2798 2802 2803 2805 2806 2807 2808 2809 3326 
2 6314 6315 
8 2589 2591 2592 2593 2594 2595 2596 2597 
0 
1 5574 
3 6204 6205 6206 
22 3355 3356 3357 3358 3359 3360 3361 3362 3363 3364 3365 3366 3367 3368 3369 3370 3371 3372 3373 3374 3375 3376 
6 1855 1856 1857 1858 1859 1860 
0 
0 
0 
0 
0 
2 2984 2985 
3 3458 3459 3460 
0 
0 
0 
0 
5 2912 2931 2941 2942 2963 
0 
0 
0 
6 811 812 813 814 815 816 
1 5594 
0 
0 
3 1563 1564 1565 
0 
4 3980 3981 3982 3983 
0 
0 
0 
0 
0 
1 5605 
0 
0 
0 
0 
4 1499 1500 1501 1502 
0 
9 2855 2856 2857 2858 2859 2860 2861 2862 2867 
0 
0 
0 
0 
0 
4 3637 3638 3639 3640 
2 3642 3643 
23 1223 1224 1225 1226 1227 1228 1229 1232 1233 1234 1235 1236 1237 1238 1239 1240 1241 1242 1243 4792 4793 4795 4796 
4 5621 5622 5623 5624 
28 239 240 241 242 243 244 245 246 247 248 249 250 251 252 253 254 255 256 257 258 259 260 261 262 263 264 265 266 
2 1450 1451 
9 2855 2856 2857 2858 2859 2860 2861 2862 2867 
2 3817 3818 
0 
0 
2 30 31 
11 1000 1001 1002 1003 1004 1005 1006 1007 1008 1009 1010 
0 
0 
0 
0 
1 1464 
0 
0 
0 
0 
0 
2 1123 1124 
0 
0 
0 
0 
6 472 473 474 475 481 482 
0 
0 
0 
10 1215 1216 1217 4784 4785 4786 4787 4788 4789 4790 
0 
1 2529 
0 
0 
1 5654 
8 6243 6246 6247 6248 6249 6250 6251 6252 
0 
4 2887 2888 2889 2890 
23 3724 3725 3726 3727 3728 3729 3730 3731 3732 3733 3734 3735 3736 3737 5658 5659 5660 5661 5662 5663 5664 5665 5666 
2 232 2166 
0 
1 4328 
21 1223 1224 1225 1226 1227 1228 1229 1232 1233 1234 1235 1236 1237 1238 1239 1240 1241 1242 1243 3727 5288 
7 3944 3945 3946 3947 3948 5333 5334 
0 
2 5557 5558 
3 5856 5857 5858 
3 5934 6290 6291 
4 1736 1737 1738 1739 
0 
0 
0 
3 3757 3758 5673 
0 
22 6212 6213 6214 6215 6216 6217 6218 6219 6220 6221 6222 6223 6224 6225 6226 6227 6228 6229 6230 6231 6232 6233 
0 
2 3765 5676 
10 6466 6467 6468 6470 6471 6472 6473 6474 6475 6476 
1 1476 
0 
0 
0 
0 
0 
3 3795 3796 3797 
0 
0 
1 4006 
1 3816 
2 3823 5689 
0 
0 
0 
1 3837 
5 1047 1048 1049 1050 1051 
0 
9 2855 2856 2857 2858 2859 2860 2861 2862 2867 
4 1121 1122 4747 4748 
14 2176 2177 2178 2179 2180 2181 2182 2183 2184 2185 2186 2187 2188 2189 
3 1086 1087 1088 
0 
6 6010 6011 6012 6013 6511 6512 
3 3949 3950 3951 
0 
3 3912 5722 5725 
2 3861 5705 
2 6361 6362 
1 3912 
3 6204 6205 6206 
0 
0 
0 
2 5712 5713 
2 30 31 
0 
3 1407 1408 1409 
27 667 669 671 672 673 674 675 676 677 678 679 680 681 682 683 684 685 686 4596 4597 4598 4599 4600 4601 4603 4604 4605 
0 
0 
1 4067 
0 
13 2536 2537 2538 2542 2543 2544 2545 2546 2547 2548 2549 2550 2551 
0 
1 2024 
0 
2 2440 2441 
0 
0 
0 
3 134 135 3920 
1 1811 
6 1855 1856 1857 1858 1859 1860 
0 
0 
0 
0 
0 
1 508 
0 
0 
0 
0 
5 6270 6271 6272 6273 6274 
0 
0 
5 3956 3957 3958 3959 3960 
0 
4 1361 1362 1363 1365 
2 6385 6386 
6 6044 6045 6046 6047 6048 6049 
1 3693 
2 4052 4053 
1 3993 
0 
0 
1 3999 
0 
0 
1 4006 
0 
0 
0 
0 
0 
0 
0 
0 
1 3934 
1 2515 
1 1804 
0 
0 
0 
0 
3 3823 5688 5689 
0 
2 4071 4072 
4 605 606 607 608 
2 1450 1451 
1 3521 
0 
0 
1 4101 
1 891 
0 
2 3866 5707 
0 
0 
4 3115 3116 3117 3118 
0 
1 3595 
0 
0 
0 
0 
0 
0 
0 
4 1071 1072 1073 1074 
5 2912 2931 2941 2942 2963 
0 
19 4196 4197 4201 4202 4203 4204 4205 4206 4207 4208 4209 4210 4212 4213 4214 4215 4216 4217 5801 
0 
0 
0 
6 6044 6045 6046 6047 6048 6049 
2 134 135 
1 4240 
0 
1 1553 
8 6092 6093 6094 6095 6096 6097 6099 6100 
1 5811 
0 
0 
6 2444 2445 2446 2448 2449 2450 
1 6284 
0 
0 
3 4266 4270 4271 
9 2855 2856 2857 2858 2859 2860 2861 2862 2867 
0 
5 1652 1653 1654 1655 1656 
0 
0 
0 
1 4294 
0 
1 6284 
0 
7 781 782 783 784 785 786 787 
6 4310 4311 4316 4317 4318 4319 
0 
0 
1 5833 
1 3593 
0 
0 
0 
0 
0 
1 4253 
0 
14 3376 6069 6070 6071 6072 6073 6074 6075 6076 6077 6078 6079 6080 6081 
0 
3 5890 6144 6145 
0 
0 
0 
0 
0 
0 
0 
0 
2 4400 4401 
2 4402 4403 
3 4405 4406 4407 
0 
2 5857 5858 
2 30 31 
1 568 
2 1680 1681 
1 506 
0 
0 
4 5864 5865 5866 5867 
0 
34 2771 2772 2773 2774 2775 2776 2777 2778 2779 2780 2781 2782 2783 2784 2785 2786 2787 2788 2789 2790 2791 2792 2793 2794 2795 2797 2798 2802 2803 2805 2806 2807 2808 2809 
2 6511 6512 
0 
10 2855 2856 2857 2858 2859 2860 2861 2862 2867 5869 
9 2139 2140 2141 2142 2143 2144 2145 2146 2148 
0 
9 2855 2856 2857 2858 2859 2860 2861 2862 2867 
2 2992 2993 
0 
0 
0 
0 
1 1530 
0 
0 
0 
1 2084 
0 
0 
8 2671 2672 2673 2674 2675 2676 2677 2678 
0 
18 4196 4197 4201 4202 4203 4204 4205 4206 4207 4208 4209 4210 4212 4213 4214 4215 4216 4217 
0 
0 
0 
0 
2 5892 5893 
0 
0 
3 6147 6148 6149 
0 
1 6155 
1 5898 
2 30 31 
0 
2 6166 6167 
0 
0 
1 5904 
0 
35 2771 2772 2773 2774 2775 2776 2777 2778 2779 2780 2781 2782 2783 2784 2785 2786 2787 2788 2789 2790 2791 2792 2793 2794 2795 2797 2798 2802 2803 2805 2806 2807 2808 2809 3326 
1 6507 
3 322 323 324 
6 1855 1856 1857 1858 1859 1860 
6 2011 2012 2013 2014 2015 2016 
0 
1 4006 
2 954 1364 
3 977 978 981 
2 3604 3605 
1 5916 
3 3541 3542 3543 
0 
0 
0 
2 5921 5922 
28 239 240 241 242 243 244 245 246 247 248 249 250 251 252 253 254 255 256 257 258 259 260 261 262 263 264 265 266 
0 
0 
4 571 572 573 574 
1 6187 
0 
0 
0 
0 
1 853 
0 
1 325 
0 
2 2800 2801 
3 6293 6297 6298 
1 6295 
0 
0 
9 6528 6529 6530 6531 6533 6544 6545 6549 6551 
2 6314 6315 
0 
0 
0 
0 
2 393 2322 
5 1616 1617 1618 1619 1620 
1 1804 
19 1223 1224 1225 1226 1227 1228 1229 1232 1233 1234 1235 1236 1237 1238 1239 1240 1241 1242 1243 
0 
11 5951 5952 5953 5955 5956 5957 6353 6355 6356 6357 6360 
9 2139 2140 2141 2142 2143 2144 2145 2146 2148 
0 
2 6014 6356 
1 6359 
2 3817 3818 
0 
1 6557 
0 
3 6504 6505 6506 
1 5961 
0 
0 
0 
9 2855 2856 2857 2858 2859 2860 2861 2862 2867 
3 6504 6505 6506 
0 
3 1949 1954 5048 
3 6381 6382 6383 
9 2855 2856 2857 2858 2859 2860 2861 2862 2867 
0 
0 
2 1208 1209 
0 
0 
0 
0 
0 
0 
0 
1 1120 
0 
0 
2 6511 6512 
9 2855 2856 2857 2858 2859 2860 2861 2862 2867 
0 
1 1105 
16 5988 5989 5990 5991 5992 5993 6466 6467 6468 6470 6471 6472 6473 6474 6475 6476 
3 322 323 324 
0 
0 
22 3355 3356 3357 3358 3359 3360 3361 3362 3363 3364 3365 3366 3367 3368 3369 3370 3371 3372 3373 3374 3375 3376 
0 
0 
3 2690 5278 5279 
0 
0 
1 5998 
0 
0 
1 6001 
0 
9 2855 2856 2857 2858 2859 2860 2861 2862 2867 
3 1925 1926 1927 
0 
10 3690 3691 3692 3694 3695 3696 3697 3698 3699 3700 
1 6507 
0 
0 
0 
0 
0 
0 
0 
1 2298 
0 
0 
1 1956 
9 2855 2856 2857 2858 2859 2860 2861 2862 2867 
0 
0 
0 
0 
1 665 
0 
0 
18 3238 3239 3240 3242 3243 3244 3246 3247 3248 3249 3250 3251 3252 3253 3254 3255 3256 3257 
0 
0 
0 
0 
10 2944 2945 2946 2947 2948 2949 2950 2951 2952 2953 
6 2719 2720 2721 2722 2723 6033 
18 3238 3239 3240 3242 3243 3244 3246 3247 3248 3249 3250 3251 3252 3253 3254 3255 3256 3257 
1 1142 
0 
0 
0 
0 
0 
0 
10 6021 6023 6024 6025 6026 6032 6033 6034 6035 6042 
0 
3 2039 2040 2041 
4 204 205 3429 3430 
0 
1 972 
5 1079 1080 1081 1083 1084 
19 1223 1224 1225 1226 1227 1228 1229 1232 1233 1234 1235 1236 1237 1238 1239 1240 1241 1242 1243 
2 2079 2088 
1 1114 
0 
3 1218 1219 1220 
0 
0 
12 783 784 785 786 2671 2672 2673 2674 2675 2676 2677 2678 
1 3674 
8 2671 2672 2673 2674 2675 2676 2677 2678 
0 
1 1483 
2 1450 1451 
4 1610 1611 1612 1613 
0 
0 
0 
0 
0 
0 
0 
0 
9 2139 2140 2141 2142 2143 2144 2145 2146 2148 
17 6432 6433 6434 6435 6436 6437 6438 6439 6440 6441 6442 6443 6444 6445 6446 6447 6448 
0 
0 
2 2552 2553 
6 472 473 474 475 481 482 
8 2589 2591 2592 2593 2594 2595 2596 2597 
13 2100 2101 2102 2104 2105 2109 2110 2111 2112 2113 2114 2115 2116 
0 
1 4375 
0 
1 6507 
3 1791 1793 1800 
2 5896 6155 
5 1876 1877 1889 1905 1906 
7 4042 4043 4044 4045 4046 4048 4049 
0 
0 
1 2690 
3 2826 2827 2828 
1 6284 
9 6528 6529 6530 6531 6533 6544 6545 6549 6551 
7 6093 6094 6095 6096 6097 6099 6100 
0 
0 
0 
4 1066 1067 1068 1069 
0 
1 4183 
0 
0 
0 
5 4177 4178 4179 4180 4181 
10 2944 2945 2946 2947 2948 2949 2950 2951 2952 2953 
0 
10 2944 2945 2946 2947 2948 2949 2950 2951 2952 2953 
1 557 
1 6043 
0 
15 1697 1698 1711 1712 1713 1714 1716 1718 1719 1722 1723 1724 1725 1726 1727 
0 
0 
1 664 
4 3291 3298 3302 3303 
7 485 486 487 488 489 490 491 
0 
3 2584 2585 2616 
0 
0 
0 
1 780 
0 
0 
2 2089 2090 
1 4067 
2 1949 1954 
0 
5 3919 3920 3921 3923 3924 
0 
0 
0 
0 
0 
34 2771 2772 2773 2774 2775 2776 2777 2778 2779 2780 2781 2782 2783 2784 2785 2786 2787 2788 2789 2790 2791 2792 2793 2794 2795 2797 2798 2802 2803 2805 2806 2807 2808 2809 
0 
5 6270 6271 6272 6273 6274 
0 
1 1210 
0 
2 1543 1544 
3 3513 3514 3515 
2 1230 1231 
2 1956 6143 
2 1183 1184 
2 1121 1122 
0 
0 
0 
1 6149 
2 30 31 
10 3690 3691 3692 3694 3695 3696 3697 3698 3699 3700 
0 
1 3523 
2 5557 5558 
3 1215 1216 1217 
3 2132 2133 2134 
0 
0 
4 3444 3445 3446 3447 
0 
1 3527 
0 
0 
0 
0 
0 
0 
1 2487 
0 
0 
0 
2 4168 5793 
0 
4 605 606 607 608 
2 774 775 
3 1215 1216 1217 
4 3444 3445 3446 3447 
0 
0 
3 1097 1098 1099 
2 1137 1141 
0 
0 
34 2771 2772 2773 2774 2775 2776 2777 2778 2779 2780 2781 2782 2783 2784 2785 2786 2787 2788 2789 2790 2791 2792 2793 2794 2795 2797 2798 2802 2803 2805 2806 2807 2808 2809 
0 
0 
0 
0 
5 1414 1416 1418 1419 1420 
0 
0 
0 
1 6121 
2 1866 1867 
1 3722 
0 
0 
5 6270 6271 6272 6273 6274 
1 1320 
18 3238 3239 3240 3242 3243 3244 3246 3247 3248 3249 3250 3251 3252 3253 3254 3255 3256 3257 
0 
13 2100 2101 2102 2104 2105 2109 2110 2111 2112 2113 2114 2115 2116 
0 
0 
0 
9 434 6092 6093 6094 6095 6096 6097 6099 6100 
0 
0 
0 
5 2912 2931 2941 2942 2963 
0 
2 6144 6145 
0 
2 849 850 
1 1804 
0 
3 1563 1564 1565 
14 2176 2177 2178 2179 2180 2181 2182 2183 2184 2185 2186 2187 2188 2189 
4 3024 3025 3026 5412 
14 3768 3769 3772 3773 3774 3775 3776 3777 3778 3779 5677 5678 5679 5680 
3 1769 1770 1771 
1 143 
1 3912 
0 
5 6353 6355 6356 6357 6360 
0 
1 3097 
0 
0 
1 2535 
2 2079 2088 
0 
0 
0 
0 
0 
1 1884 
0 
2 857 858 
0 
0 
0 
34 2771 2772 2773 2774 2775 2776 2777 2778 2779 2780 2781 2782 2783 2784 2785 2786 2787 2788 2789 2790 2791 2792 2793 2794 2795 2797 2798 2802 2803 2805 2806 2807 2808 2809 
1 915 
1 727 
4 846 847 848 851 
5 1652 1653 1654 1655 1656 
1 6248 
0 
0 
1 3047 
0 
0 
0 
1 6548 
0 
2 4198 5802 
0 
0 
2 4101 6260 
24 3724 3725 3726 3727 3728 3729 3730 3731 3732 3733 3734 3735 3736 3737 5657 5658 5659 5660 5661 5662 5663 5664 5665 5666 
0 
0 
0 
0 
0 
0 
3 2033 2037 2038 
0 
6 6010 6011 6012 6013 6511 6512 
0 
2 3485 3486 
1 4079 
0 
0 
6 1855 1856 1857 1858 1859 1860 
20 3238 3239 3240 3242 3243 3244 3246 3247 3248 3249 3250 3251 3252 3253 3254 3255 3256 3257 3877 3878 
1 1126 
1 1844 
1 2646 
1 1640 
5 6353 6355 6356 6357 6360 
0 
2 3478 3479 
0 
1 6197 
0 
3 1086 1087 1088 
4 1852 1853 1854 1861 
0 
0 
0 
12 2559 2560 2561 2562 2563 2564 2565 2566 2567 2568 2569 2570 
0 
2 4052 4053 
3 3541 3542 3543 
1 1578 
2 6298 6469 
0 
2 41 4274 
1 727 
0 
0 
1 788 
0 
2 2800 2801 
0 
0 
0 
0 
4 2887 2888 2889 2890 
6 6044 6045 6046 6047 6048 6049 
0 
0 
1 4778 
0 
13 719 720 721 722 723 724 725 726 728 729 730 731 732 
1 3850 
0 
2 3642 3643 
0 
0 
0 
1 4778 
3 3912 5722 5725 
1 3838 
2 1453 1454 
4 1361 1362 1363 1365 
6 1271 1272 1273 1274 1275 1276 
0 
0 
9 1197 1198 1199 1200 1201 1203 1204 1205 1206 
0 
0 
8 2671 2672 2673 2674 2675 2676 2677 2678 
0 
23 1223 1224 1225 1226 1227 1228 1229 1232 1233 1234 1235 1236 1237 1238 1239 1240 1241 1242 1243 4792 4793 4795 4796 
1 3713 
1 3850 
1 4370 
1 4374 
13 231 232 234 235 2855 2856 2857 2858 2859 2860 2861 2862 2867 
1 4013 
0 
1 5277 
0 
7 3417 3419 3420 3421 3422 3423 3427 
0 
1 3646 
0 
1 4274 
0 
1 189 
0 
0 
0 
1 6014 
0 
13 2536 2537 2538 2542 2543 2544 2545 2546 2547 2548 2549 2550 2551 
0 
0 
0 
1 4183 
0 
11 1396 1397 1398 1399 1400 1401 1402 1403 1404 1405 1406 
3 6366 6511 6512 
2 30 31 
2 6385 6386 
0 
1 727 
0 
0 
1 6373 
0 
0 
0 
0 
0 
0 
0 
5 1668 1669 1670 1671 1672 
0 
3 322 323 324 
2 2882 2883 
1 3245 
0 
0 
0 
0 
5 1876 1877 1889 1905 1906 
5 1079 1080 1081 1083 1084 
4 174 175 176 177 
1 2414 
0 
1 2390 
0 
1 581 
10 1776 1777 1778 1779 1780 1781 1782 1783 1784 1785 
2 1866 1867 
0 
0 
12 2368 2369 2370 2371 2372 2373 2374 2375 2376 2377 2380 2390 
0 
0 
1 1357 
0 
1 5644 
0 
4 467 6504 6505 6506 
0 
0 
0 
4 1580 1581 1582 1583 
7 3417 3419 3420 3421 3422 3423 3427 
2 2552 2553 
0 
0 
0 
0 
0 
0 
0 
1 387 
0 
9 6528 6529 6530 6531 6533 6544 6545 6549 6551 
1 2364 
1 2364 
7 3281 3282 3283 3284 3285 3286 3287 
0 
0 
2 4064 4065 
11 1197 1198 1199 1200 1201 1203 1204 1205 1206 4781 4782 
0 
2 1021 1022 
4 1361 1362 1363 1365 
1 6436 
1 6503 
1 2042 
3 2033 2037 2038 
2 2680 2681 
1 872 
1 2478 
0 
0 
0 
1 3870 
0 
9 4295 4296 4297 4298 4299 4300 4301 4302 4303 
0 
1 3646 
0 
2 922 935 
1 3658 
0 
0 
0 
0 
4 1852 1853 1854 1861 
0 
33 2855 2856 2857 2858 2859 2860 2861 2862 2867 5340 5342 5343 5344 5345 5348 5349 5350 5351 5352 5353 5354 5355 5356 5357 5358 5359 5360 5361 5362 5363 5364 5365 5366 
35 2306 2771 2772 2773 2774 2775 2776 2777 2778 2779 2780 2781 2782 2783 2784 2785 2786 2787 2788 2789 2790 2791 2792 2793 2794 2795 2797 2798 2802 2803 2805 2806 2807 2808 2809 
1 1638 
0 
0 
0 
0 
0 
3 2033 2037 2038 
3 648 649 650 
0 
0 
4 1121 1122 4747 4748 
1 4275 
1 727 
0 
6 6044 6045 6046 6047 6048 6049 
2 6385 6386 
0 
0 
0 
0 
0 
2 1123 1124 
0 
3 1215 1216 1217 
0 
0 
0 
0 
0 
12 700 701 702 703 704 705 706 707 709 710 712 713 
19 424 4196 4197 4201 4202 4203 4204 4205 4206 4207 4208 4209 4210 4212 4213 4214 4215 4216 4217 
3 2085 2086 2087 
0 
0 
0 
38 2227 2228 2229 2230 2231 2232 2233 2241 2245 2251 2252 2253 2254 2255 2263 2264 2265 2266 2267 2269 2275 2276 2300 2350 2353 2359 2360 2361 2365 2366 2378 2379 2392 2393 2394 2395 2396 2397 
0 
0 
0 
0 
0 
0 
0 
5 6028 6029 6030 6522 6523 
3 6125 6126 6127 
0 
35 2306 2771 2772 2773 2774 2775 2776 2777 2778 2779 2780 2781 2782 2783 2784 2785 2786 2787 2788 2789 2790 2791 2792 2793 2794 2795 2797 2798 2802 2803 2805 2806 2807 2808 2809 
7 781 782 783 784 785 786 787 
0 
4 1852 1853 1854 1861 
1 966 
0 
0 
1 5994 
0 
0 
3 1563 1564 1565 
2 6261 6262 
0 
0 
0 
3 1410 1411 1412 
4 2166 5091 5093 5094 
0 
0 
0 
0 
5 2912 2931 2941 2942 2963 
8 6528 6530 6531 6533 6544 6545 6549 6551 
0 
11 2671 2672 2673 2674 2675 2676 2677 2678 3155 3156 3157 
3 1828 3746 3747 
0 
1 98 
0 
3 2033 2037 2038 
35 2306 2771 2772 2773 2774 2775 2776 2777 2778 2779 2780 2781 2782 2783 2784 2785 2786 2787 2788 2789 2790 2791 2792 2793 2794 2795 2797 2798 2802 2803 2805 2806 2807 2808 2809 
0 
4 1736 1737 1738 1739 
2 1955 6541 
0 
0 
4 3980 3981 3982 3983 
11 3343 3344 3345 3346 3347 3348 3349 3350 3351 3352 3353 
3 6204 6205 6206 
3 3304 3309 3310 
0 
0 
4 1131 1132 1133 1134 
1 2839 
0 
4 3329 3330 3331 3332 
3 1215 1216 1217 
0 
0 
1 2884 
0 
0 
0 
3 687 688 689 
